Log file open, 12/02/21 15:00:22
LogInit: Display: Running engine for game: WhackACheem
LogPlatformFile: Not using cached read wrapper
LogTaskGraph: Started task graph with 5 named threads and 23 total threads with 3 sets of task threads.
LogStats: Stats thread started at 0.218012
LogD3D11RHI: Loaded GFSDK_Aftermath_Lib.x64.dll
LogICUInternationalization: ICU TimeZone Detection - Raw Offset: -4:00, Platform Override: ''
LogPluginManager: Mounting plugin Paper2D
LogPluginManager: Mounting plugin AISupport
LogPluginManager: Mounting plugin LightPropagationVolume
LogPluginManager: Mounting plugin CameraShakePreviewer
LogPluginManager: Mounting plugin ActorLayerUtilities
LogPluginManager: Mounting plugin AnimationSharing
LogPluginManager: Mounting plugin CLionSourceCodeAccess
LogPluginManager: Mounting plugin CodeLiteSourceCodeAccess
LogPluginManager: Mounting plugin GitSourceControl
LogPluginManager: Mounting plugin KDevelopSourceCodeAccess
LogPluginManager: Mounting plugin NullSourceCodeAccess
LogPluginManager: Mounting plugin PerforceSourceControl
LogPluginManager: Mounting plugin PlasticSourceControl
LogPluginManager: Mounting plugin RiderSourceCodeAccess
LogPluginManager: Mounting plugin SubversionSourceControl
LogPluginManager: Mounting plugin UObjectPlugin
LogPluginManager: Mounting plugin VisualStudioCodeSourceCodeAccess
LogPluginManager: Mounting plugin VisualStudioSourceCodeAccess
LogPluginManager: Mounting plugin XCodeSourceCodeAccess
LogPluginManager: Mounting plugin AssetManagerEditor
LogPluginManager: Mounting plugin CryptoKeys
LogPluginManager: Mounting plugin CurveEditorTools
LogPluginManager: Mounting plugin DataValidation
LogPluginManager: Mounting plugin EditorScriptingUtilities
LogPluginManager: Mounting plugin FacialAnimation
LogPluginManager: Mounting plugin GameplayTagsEditor
LogPluginManager: Mounting plugin GeometryMode
LogPluginManager: Mounting plugin MacGraphicsSwitching
LogPluginManager: Mounting plugin MaterialAnalyzer
LogPluginManager: Mounting plugin MobileLauncherProfileWizard
LogPluginManager: Mounting plugin PluginBrowser
LogPluginManager: Mounting plugin SpeedTreeImporter
LogPluginManager: Mounting plugin DatasmithContent
LogPluginManager: Mounting plugin VariantManagerContent
LogPluginManager: Mounting plugin AlembicImporter
LogPluginManager: Mounting plugin AutomationUtils
LogPluginManager: Mounting plugin BackChannel
LogPluginManager: Mounting plugin ChaosCloth
LogPluginManager: Mounting plugin ChaosClothEditor
LogPluginManager: Mounting plugin ChaosEditor
LogPluginManager: Mounting plugin ChaosNiagara
LogPluginManager: Mounting plugin ChaosSolverPlugin
LogPluginManager: Mounting plugin CharacterAI
LogPluginManager: Mounting plugin GeometryCache
LogPluginManager: Mounting plugin GeometryCollectionPlugin
LogPluginManager: Mounting plugin GeometryProcessing
LogPluginManager: Mounting plugin PlanarCut
LogPluginManager: Mounting plugin PlatformCrypto
LogPluginManager: Mounting plugin ProxyLODPlugin
LogPluginManager: Mounting plugin SkeletalReduction
LogPluginManager: Mounting plugin Niagara
LogPluginManager: Mounting plugin MagicLeap
LogPluginManager: Mounting plugin MagicLeapLightEstimation
LogPluginManager: Mounting plugin MagicLeapMedia
LogPluginManager: Mounting plugin MagicLeapPassableWorld
LogPluginManager: Mounting plugin MLSDK
LogPluginManager: Mounting plugin AndroidMedia
LogPluginManager: Mounting plugin AvfMedia
LogPluginManager: Mounting plugin ImgMedia
LogPluginManager: Mounting plugin MediaCompositing
LogPluginManager: Mounting plugin MediaPlayerEditor
LogPluginManager: Mounting plugin WebMMedia
LogPluginManager: Mounting plugin WmfMedia
LogPluginManager: Mounting plugin MeshPainting
LogPluginManager: Mounting plugin TcpMessaging
LogPluginManager: Mounting plugin UdpMessaging
LogPluginManager: Mounting plugin ActorSequence
LogPluginManager: Mounting plugin LevelSequenceEditor
LogPluginManager: Mounting plugin MatineeToLevelSequence
LogPluginManager: Mounting plugin MovieRenderPipeline
LogPluginManager: Mounting plugin TemplateSequence
LogPluginManager: Mounting plugin NetcodeUnitTest
LogPluginManager: Mounting plugin NUTUnrealEngine4
LogPluginManager: Mounting plugin OnlineSubsystemGooglePlay
LogPluginManager: Mounting plugin OnlineSubsystemIOS
LogPluginManager: Mounting plugin OnlineSubsystem
LogPluginManager: Mounting plugin OnlineSubsystemNull
LogPluginManager: Mounting plugin OnlineSubsystemUtils
LogPluginManager: Mounting plugin LauncherChunkInstaller
LogPluginManager: Mounting plugin AndroidDeviceProfileSelector
LogPluginManager: Mounting plugin AndroidMoviePlayer
LogPluginManager: Mounting plugin AndroidPermission
LogPluginManager: Mounting plugin AppleImageUtils
LogPluginManager: Mounting plugin AppleMoviePlayer
LogPluginManager: Mounting plugin ArchVisCharacter
LogPluginManager: Mounting plugin AssetTags
LogPluginManager: Mounting plugin AudioCapture
LogPluginManager: Mounting plugin CableComponent
LogPluginManager: Mounting plugin CustomMeshComponent
LogPluginManager: Mounting plugin EditableMesh
LogPluginManager: Mounting plugin ExampleDeviceProfileSelector
LogPluginManager: Mounting plugin GoogleCloudMessaging
LogPluginManager: Mounting plugin GooglePAD
LogPluginManager: Mounting plugin IOSDeviceProfileSelector
LogPluginManager: Mounting plugin LinuxDeviceProfileSelector
LogPluginManager: Mounting plugin LocationServicesBPLibrary
LogPluginManager: Mounting plugin MobilePatchingUtils
LogPluginManager: Mounting plugin OculusVR
LogPluginManager: Mounting plugin PhysXVehicles
LogPluginManager: Mounting plugin PostSplashScreen
LogPluginManager: Mounting plugin ProceduralMeshComponent
LogPluginManager: Mounting plugin RuntimePhysXCooking
LogPluginManager: Mounting plugin SignificanceManager
LogPluginManager: Mounting plugin SoundFields
LogPluginManager: Mounting plugin SteamVR
LogPluginManager: Mounting plugin Synthesis
LogPluginManager: Mounting plugin WebMMoviePlayer
LogPluginManager: Mounting plugin WindowsMoviePlayer
LogPluginManager: Mounting plugin ScreenshotTools
LogInit: Using libcurl 7.55.1-DEV
LogInit:  - built for x86_64-pc-win32
LogInit:  - supports SSL with OpenSSL/1.1.1
LogInit:  - supports HTTP deflate (compression) using libz 1.2.8
LogInit:  - other features:
LogInit:      CURL_VERSION_SSL
LogInit:      CURL_VERSION_LIBZ
LogInit:      CURL_VERSION_IPV6
LogInit:      CURL_VERSION_ASYNCHDNS
LogInit:      CURL_VERSION_LARGEFILE
LogInit:      CURL_VERSION_IDN
LogInit:  CurlRequestOptions (configurable via config and command line):
LogInit:  - bVerifyPeer = true  - Libcurl will verify peer certificate
LogInit:  - bUseHttpProxy = false  - Libcurl will NOT use HTTP proxy
LogInit:  - bDontReuseConnections = false  - Libcurl will reuse connections
LogInit:  - MaxHostConnections = 16  - Libcurl will limit the number of connections to a host
LogInit:  - LocalHostAddr = Default
LogInit:  - BufferSize = 65536
LogOnline: OSS: Creating online subsystem instance for: NULL
LogInit: WinSock: version 1.1 (2.2), MaxSocks=32767, MaxUdp=65467
LogOnline: OSS: TryLoadSubsystemAndSetDefault: Loaded subsystem for module [NULL]
LogInit: Build: ++UE4+Release-4.25-CL-14469661
LogInit: Engine Version: 4.25.4-14469661+++UE4+Release-4.25
LogInit: Compatible Engine Version: 4.25.0-13144385+++UE4+Release-4.25
LogInit: Net CL: 13144385
LogInit: OS: Windows 10 (Release 2009) (), CPU: Intel(R) Core(TM) i5-9300H CPU @ 2.40GHz, GPU: Intel(R) UHD Graphics 630
LogInit: Compiled (64-bit): Oct 11 2020 08:10:49
LogInit: Compiled with Visual C++: 19.24.28315.00
LogInit: Build Configuration: Development
LogInit: Branch Name: ++UE4+Release-4.25
LogInit: Command Line: 
LogInit: Base Directory: C:/Program Files/Epic Games/UE_4.25/Engine/Binaries/Win64/
LogInit: Allocator: TBB
LogInit: Installed Engine Build: 1
LogDevObjectVersion: Number of dev versions registered: 26
LogDevObjectVersion:   Dev-Blueprints (B0D832E4-1F89-4F0D-ACCF-7EB736FD4AA2): 10
LogDevObjectVersion:   Dev-Build (E1C64328-A22C-4D53-A36C-8E866417BD8C): 0
LogDevObjectVersion:   Dev-Core (375EC13C-06E4-48FB-B500-84F0262A717E): 4
LogDevObjectVersion:   Dev-Editor (E4B068ED-F494-42E9-A231-DA0B2E46BB41): 38
LogDevObjectVersion:   Dev-Framework (CFFC743F-43B0-4480-9391-14DF171D2073): 37
LogDevObjectVersion:   Dev-Mobile (B02B49B5-BB20-44E9-A304-32B752E40360): 2
LogDevObjectVersion:   Dev-Networking (A4E4105C-59A1-49B5-A7C5-40C4547EDFEE): 0
LogDevObjectVersion:   Dev-Online (39C831C9-5AE6-47DC-9A44-9C173E1C8E7C): 0
LogDevObjectVersion:   Dev-Physics (78F01B33-EBEA-4F98-B9B4-84EACCB95AA2): 4
LogDevObjectVersion:   Dev-Platform (6631380F-2D4D-43E0-8009-CF276956A95A): 0
LogDevObjectVersion:   Dev-Rendering (12F88B9F-8875-4AFC-A67C-D90C383ABD29): 43
LogDevObjectVersion:   Dev-Sequencer (7B5AE74C-D270-4C10-A958-57980B212A5A): 12
LogDevObjectVersion:   Dev-VR (D7296918-1DD6-4BDD-9DE2-64A83CC13884): 3
LogDevObjectVersion:   Dev-LoadTimes (C2A15278-BFE7-4AFE-6C17-90FF531DF755): 1
LogDevObjectVersion:   Private-Geometry (6EACA3D4-40EC-4CC1-B786-8BED09428FC5): 3
LogDevObjectVersion:   Dev-AnimPhys (29E575DD-E0A3-4627-9D10-D276232CDCEA): 17
LogDevObjectVersion:   Dev-Anim (AF43A65D-7FD3-4947-9873-3E8ED9C1BB05): 7
LogDevObjectVersion:   Dev-ReflectionCapture (6B266CEC-1EC7-4B8F-A30B-E4D90942FC07): 1
LogDevObjectVersion:   Dev-Automation (0DF73D61-A23F-47EA-B727-89E90C41499A): 1
LogDevObjectVersion:   FortniteMain (601D1886-AC64-4F84-AA16-D3DE0DEAC7D6): 31
LogDevObjectVersion:   Dev-Enterprise (9DFFBCD6-494F-0158-E221-12823C92A888): 10
LogDevObjectVersion:   Dev-Niagara (F2AED0AC-9AFE-416F-8664-AA7FFA26D6FC): 1
LogDevObjectVersion:   Dev-Destruction (174F1F0B-B4C6-45A5-B13F-2EE8D0FB917D): 10
LogDevObjectVersion:   Dev-Physics-Ext (35F94A83-E258-406C-A318-09F59610247C): 37
LogDevObjectVersion:   Dev-PhysicsMaterial-Chaos (B68FC16E-8B1B-42E2-B453-215C058844FE): 1
LogDevObjectVersion:   Dev-CineCamera (B2E18506-4273-CFC2-A54E-F4BB758BBA07): 1
LogInit: Presizing for max 25165824 objects, including 0 objects not considered by GC, pre-allocating 0 bytes for permanent pool.
LogConfig: Applying CVar settings from Section [/Script/Engine.StreamingSettings] File [C:/Users/danie/Documents/GitHub/Whack-a-cheem-RV/WhackACheem/Saved/Config/Windows/Engine.ini]
LogConfig: Setting CVar [[s.MinBulkDataSizeForAsyncLoading:131072]]
LogConfig: Setting CVar [[s.AsyncLoadingThreadEnabled:0]]
LogConfig: Setting CVar [[s.EventDrivenLoaderEnabled:1]]
LogConfig: Setting CVar [[s.WarnIfTimeLimitExceeded:0]]
LogConfig: Setting CVar [[s.TimeLimitExceededMultiplier:1.5]]
LogConfig: Setting CVar [[s.TimeLimitExceededMinTime:0.005]]
LogConfig: Setting CVar [[s.UseBackgroundLevelStreaming:1]]
LogConfig: Setting CVar [[s.PriorityAsyncLoadingExtraTime:15.0]]
LogConfig: Setting CVar [[s.LevelStreamingActorsUpdateTimeLimit:5.0]]
LogConfig: Setting CVar [[s.PriorityLevelStreamingActorsUpdateExtraTime:5.0]]
LogConfig: Setting CVar [[s.LevelStreamingComponentsRegistrationGranularity:10]]
LogConfig: Setting CVar [[s.UnregisterComponentsTimeLimit:1.0]]
LogConfig: Setting CVar [[s.LevelStreamingComponentsUnregistrationGranularity:5]]
LogConfig: Setting CVar [[s.FlushStreamingOnExit:1]]
LogInit: Object subsystem initialized
LogConfig: Setting CVar [[con.DebugEarlyDefault:1]]
LogConfig: Setting CVar [[r.setres:1280x720]]
[2021.12.02-18.00.22:365][  0]LogConfig: Setting CVar [[r.VSync:0]]
[2021.12.02-18.00.22:365][  0]LogConfig: Setting CVar [[r.RHICmdBypass:0]]
[2021.12.02-18.00.22:365][  0]LogConfig: Applying CVar settings from Section [/Script/Engine.RendererSettings] File [C:/Users/danie/Documents/GitHub/Whack-a-cheem-RV/WhackACheem/Saved/Config/Windows/Engine.ini]
[2021.12.02-18.00.22:365][  0]LogConfig: Setting CVar [[r.GPUCrashDebugging:0]]
[2021.12.02-18.00.22:365][  0]LogConfig: Setting CVar [[r.DefaultFeature.AmbientOcclusion:0]]
[2021.12.02-18.00.22:365][  0]LogConfig: Setting CVar [[r.DefaultFeature.AmbientOcclusionStaticFraction:0]]
[2021.12.02-18.00.22:365][  0]LogConfig: Setting CVar [[vr.InstancedStereo:1]]
[2021.12.02-18.00.22:365][  0]LogConfig: Setting CVar [[r.SeparateTranslucency:0]]
[2021.12.02-18.00.22:365][  0]LogConfig: Setting CVar [[r.HZBOcclusion:0]]
[2021.12.02-18.00.22:365][  0]LogConfig: Setting CVar [[r.SSR.MaxRoughness:0]]
[2021.12.02-18.00.22:365][  0]LogConfig: Setting CVar [[r.rhicmdbypass:0]]
[2021.12.02-18.00.22:365][  0]LogConfig: Applying CVar settings from Section [/Script/Engine.RendererOverrideSettings] File [C:/Users/danie/Documents/GitHub/Whack-a-cheem-RV/WhackACheem/Saved/Config/Windows/Engine.ini]
[2021.12.02-18.00.22:365][  0]LogConfig: Applying CVar settings from Section [/Script/Engine.StreamingSettings] File [C:/Users/danie/Documents/GitHub/Whack-a-cheem-RV/WhackACheem/Saved/Config/Windows/Engine.ini]
[2021.12.02-18.00.22:365][  0]LogConfig: Setting CVar [[s.MinBulkDataSizeForAsyncLoading:131072]]
[2021.12.02-18.00.22:365][  0]LogConfig: Setting CVar [[s.AsyncLoadingThreadEnabled:0]]
[2021.12.02-18.00.22:365][  0]LogConfig: Setting CVar [[s.EventDrivenLoaderEnabled:1]]
[2021.12.02-18.00.22:365][  0]LogConfig: Setting CVar [[s.WarnIfTimeLimitExceeded:0]]
[2021.12.02-18.00.22:365][  0]LogConfig: Setting CVar [[s.TimeLimitExceededMultiplier:1.5]]
[2021.12.02-18.00.22:365][  0]LogConfig: Setting CVar [[s.TimeLimitExceededMinTime:0.005]]
[2021.12.02-18.00.22:365][  0]LogConfig: Setting CVar [[s.UseBackgroundLevelStreaming:1]]
[2021.12.02-18.00.22:365][  0]LogConfig: Setting CVar [[s.PriorityAsyncLoadingExtraTime:15.0]]
[2021.12.02-18.00.22:365][  0]LogConfig: Setting CVar [[s.LevelStreamingActorsUpdateTimeLimit:5.0]]
[2021.12.02-18.00.22:365][  0]LogConfig: Setting CVar [[s.PriorityLevelStreamingActorsUpdateExtraTime:5.0]]
[2021.12.02-18.00.22:365][  0]LogConfig: Setting CVar [[s.LevelStreamingComponentsRegistrationGranularity:10]]
[2021.12.02-18.00.22:365][  0]LogConfig: Setting CVar [[s.UnregisterComponentsTimeLimit:1.0]]
[2021.12.02-18.00.22:365][  0]LogConfig: Setting CVar [[s.LevelStreamingComponentsUnregistrationGranularity:5]]
[2021.12.02-18.00.22:365][  0]LogConfig: Setting CVar [[s.FlushStreamingOnExit:1]]
[2021.12.02-18.00.22:365][  0]LogConfig: Applying CVar settings from Section [/Script/Engine.GarbageCollectionSettings] File [C:/Users/danie/Documents/GitHub/Whack-a-cheem-RV/WhackACheem/Saved/Config/Windows/Engine.ini]
[2021.12.02-18.00.22:366][  0]LogConfig: Setting CVar [[gc.MaxObjectsNotConsideredByGC:1]]
[2021.12.02-18.00.22:366][  0]LogConfig: Setting CVar [[gc.SizeOfPermanentObjectPool:0]]
[2021.12.02-18.00.22:366][  0]LogConfig: Setting CVar [[gc.FlushStreamingOnGC:0]]
[2021.12.02-18.00.22:366][  0]LogConfig: Setting CVar [[gc.NumRetriesBeforeForcingGC:10]]
[2021.12.02-18.00.22:366][  0]LogConfig: Setting CVar [[gc.AllowParallelGC:1]]
[2021.12.02-18.00.22:366][  0]LogConfig: Setting CVar [[gc.TimeBetweenPurgingPendingKillObjects:61.1]]
[2021.12.02-18.00.22:366][  0]LogConfig: Setting CVar [[gc.MaxObjectsInEditor:25165824]]
[2021.12.02-18.00.22:366][  0]LogConfig: Setting CVar [[gc.IncrementalBeginDestroyEnabled:1]]
[2021.12.02-18.00.22:366][  0]LogConfig: Setting CVar [[gc.CreateGCClusters:1]]
[2021.12.02-18.00.22:366][  0]LogConfig: Setting CVar [[gc.MinGCClusterSize:5]]
[2021.12.02-18.00.22:366][  0]LogConfig: Setting CVar [[gc.ActorClusteringEnabled:0]]
[2021.12.02-18.00.22:366][  0]LogConfig: Setting CVar [[gc.BlueprintClusteringEnabled:0]]
[2021.12.02-18.00.22:366][  0]LogConfig: Setting CVar [[gc.UseDisregardForGCOnDedicatedServers:0]]
[2021.12.02-18.00.22:366][  0]LogConfig: Applying CVar settings from Section [/Script/Engine.NetworkSettings] File [C:/Users/danie/Documents/GitHub/Whack-a-cheem-RV/WhackACheem/Saved/Config/Windows/Engine.ini]
[2021.12.02-18.00.22:366][  0]LogConfig: Applying CVar settings from Section [/Script/UnrealEd.CookerSettings] File [C:/Users/danie/Documents/GitHub/Whack-a-cheem-RV/WhackACheem/Saved/Config/Windows/Engine.ini]
[2021.12.02-18.00.22:369][  0]LogConfig: Applying CVar settings from Section [ViewDistanceQuality@3] File [C:/Users/danie/Documents/GitHub/Whack-a-cheem-RV/WhackACheem/Saved/Config/Windows/Scalability.ini]
[2021.12.02-18.00.22:369][  0]LogConfig: Setting CVar [[r.SkeletalMeshLODBias:0]]
[2021.12.02-18.00.22:369][  0]LogConfig: Setting CVar [[r.ViewDistanceScale:1.0]]
[2021.12.02-18.00.22:369][  0]LogConfig: Applying CVar settings from Section [AntiAliasingQuality@3] File [C:/Users/danie/Documents/GitHub/Whack-a-cheem-RV/WhackACheem/Saved/Config/Windows/Scalability.ini]
[2021.12.02-18.00.22:369][  0]LogConfig: Setting CVar [[r.PostProcessAAQuality:3]]
[2021.12.02-18.00.22:369][  0]LogConfig: Applying CVar settings from Section [ShadowQuality@3] File [C:/Users/danie/Documents/GitHub/Whack-a-cheem-RV/WhackACheem/Saved/Config/Windows/Scalability.ini]
[2021.12.02-18.00.22:369][  0]LogConfig: Setting CVar [[r.LightFunctionQuality:1]]
[2021.12.02-18.00.22:369][  0]LogConfig: Setting CVar [[r.ShadowQuality:5]]
[2021.12.02-18.00.22:369][  0]LogConfig: Setting CVar [[r.Shadow.CSM.MaxCascades:10]]
[2021.12.02-18.00.22:369][  0]LogConfig: Setting CVar [[r.Shadow.MaxResolution:2048]]
[2021.12.02-18.00.22:369][  0]LogConfig: Setting CVar [[r.Shadow.MaxCSMResolution:2048]]
[2021.12.02-18.00.22:369][  0]LogConfig: Setting CVar [[r.Shadow.RadiusThreshold:0.01]]
[2021.12.02-18.00.22:369][  0]LogConfig: Setting CVar [[r.Shadow.DistanceScale:1.0]]
[2021.12.02-18.00.22:369][  0]LogConfig: Setting CVar [[r.Shadow.CSM.TransitionScale:1.0]]
[2021.12.02-18.00.22:369][  0]LogConfig: Setting CVar [[r.Shadow.PreShadowResolutionFactor:1.0]]
[2021.12.02-18.00.22:369][  0]LogConfig: Setting CVar [[r.DistanceFieldShadowing:1]]
[2021.12.02-18.00.22:369][  0]LogConfig: Setting CVar [[r.DistanceFieldAO:1]]
[2021.12.02-18.00.22:369][  0]LogConfig: Setting CVar [[r.AOQuality:2]]
[2021.12.02-18.00.22:369][  0]LogConfig: Setting CVar [[r.VolumetricFog:1]]
[2021.12.02-18.00.22:369][  0]LogConfig: Setting CVar [[r.VolumetricFog.GridPixelSize:8]]
[2021.12.02-18.00.22:369][  0]LogConfig: Setting CVar [[r.VolumetricFog.GridSizeZ:128]]
[2021.12.02-18.00.22:369][  0]LogConfig: Setting CVar [[r.VolumetricFog.HistoryMissSupersampleCount:4]]
[2021.12.02-18.00.22:369][  0]LogConfig: Setting CVar [[r.LightMaxDrawDistanceScale:1]]
[2021.12.02-18.00.22:369][  0]LogConfig: Setting CVar [[r.CapsuleShadows:1]]
[2021.12.02-18.00.22:369][  0]LogConfig: Applying CVar settings from Section [PostProcessQuality@3] File [C:/Users/danie/Documents/GitHub/Whack-a-cheem-RV/WhackACheem/Saved/Config/Windows/Scalability.ini]
[2021.12.02-18.00.22:369][  0]LogConfig: Setting CVar [[r.MotionBlurQuality:0]]
[2021.12.02-18.00.22:369][  0]LogConfig: Setting CVar [[r.AmbientOcclusionMipLevelFactor:0.4]]
[2021.12.02-18.00.22:369][  0]LogConfig: Setting CVar [[r.AmbientOcclusionMaxQuality:100]]
[2021.12.02-18.00.22:369][  0]LogConfig: Setting CVar [[r.AmbientOcclusionLevels:0]]
[2021.12.02-18.00.22:369][  0]LogConfig: Setting CVar [[r.AmbientOcclusionRadiusScale:1.0]]
[2021.12.02-18.00.22:369][  0]LogConfig: Setting CVar [[r.DepthOfFieldQuality:0]]
[2021.12.02-18.00.22:369][  0]LogConfig: Setting CVar [[r.RenderTargetPoolMin:400]]
[2021.12.02-18.00.22:369][  0]LogConfig: Setting CVar [[r.LensFlareQuality:0]]
[2021.12.02-18.00.22:369][  0]LogConfig: Setting CVar [[r.SceneColorFringeQuality:0]]
[2021.12.02-18.00.22:369][  0]LogConfig: Setting CVar [[r.EyeAdaptationQuality:2]]
[2021.12.02-18.00.22:369][  0]LogConfig: Setting CVar [[r.BloomQuality:1]]
[2021.12.02-18.00.22:369][  0]LogConfig: Setting CVar [[r.FastBlurThreshold:0]]
[2021.12.02-18.00.22:369][  0]LogConfig: Setting CVar [[r.Upscale.Quality:3]]
[2021.12.02-18.00.22:369][  0]LogConfig: Setting CVar [[r.Tonemapper.GrainQuantization:1]]
[2021.12.02-18.00.22:369][  0]LogConfig: Setting CVar [[r.LightShaftQuality:1]]
[2021.12.02-18.00.22:369][  0]LogConfig: Setting CVar [[r.Filter.SizeScale:1]]
[2021.12.02-18.00.22:369][  0]LogConfig: Setting CVar [[r.Tonemapper.Quality:5]]
[2021.12.02-18.00.22:369][  0]LogConfig: Setting CVar [[r.DOF.Gather.AccumulatorQuality:1        ; higher gathering accumulator quality]]
[2021.12.02-18.00.22:369][  0]LogConfig: Setting CVar [[r.DOF.Gather.PostfilterMethod:1          ; Median3x3 postfilering method]]
[2021.12.02-18.00.22:370][  0]LogConfig: Setting CVar [[r.DOF.Gather.EnableBokehSettings:0       ; no bokeh simulation when gathering]]
[2021.12.02-18.00.22:370][  0]LogConfig: Setting CVar [[r.DOF.Gather.RingCount:4                 ; medium number of samples when gathering]]
[2021.12.02-18.00.22:370][  0]LogConfig: Setting CVar [[r.DOF.Scatter.ForegroundCompositing:1    ; additive foreground scattering]]
[2021.12.02-18.00.22:370][  0]LogConfig: Setting CVar [[r.DOF.Scatter.BackgroundCompositing:2    ; additive background scattering]]
[2021.12.02-18.00.22:370][  0]LogConfig: Setting CVar [[r.DOF.Scatter.EnableBokehSettings:1      ; bokeh simulation when scattering]]
[2021.12.02-18.00.22:370][  0]LogConfig: Setting CVar [[r.DOF.Scatter.MaxSpriteRatio:0.1         ; only a maximum of 10% of scattered bokeh]]
[2021.12.02-18.00.22:370][  0]LogConfig: Setting CVar [[r.DOF.Recombine.Quality:1                ; cheap slight out of focus]]
[2021.12.02-18.00.22:370][  0]LogConfig: Setting CVar [[r.DOF.Recombine.EnableBokehSettings:0    ; no bokeh simulation on slight out of focus]]
[2021.12.02-18.00.22:370][  0]LogConfig: Setting CVar [[r.DOF.TemporalAAQuality:1                ; more stable temporal accumulation]]
[2021.12.02-18.00.22:370][  0]LogConfig: Setting CVar [[r.DOF.Kernel.MaxForegroundRadius:0.025]]
[2021.12.02-18.00.22:370][  0]LogConfig: Setting CVar [[r.DOF.Kernel.MaxBackgroundRadius:0.025]]
[2021.12.02-18.00.22:370][  0]LogConfig: Applying CVar settings from Section [TextureQuality@3] File [C:/Users/danie/Documents/GitHub/Whack-a-cheem-RV/WhackACheem/Saved/Config/Windows/Scalability.ini]
[2021.12.02-18.00.22:370][  0]LogConfig: Setting CVar [[r.Streaming.MipBias:0]]
[2021.12.02-18.00.22:370][  0]LogConfig: Setting CVar [[r.Streaming.AmortizeCPUToGPUCopy:0]]
[2021.12.02-18.00.22:370][  0]LogConfig: Setting CVar [[r.Streaming.MaxNumTexturesToStreamPerFrame:0]]
[2021.12.02-18.00.22:370][  0]LogConfig: Setting CVar [[r.Streaming.Boost:1]]
[2021.12.02-18.00.22:370][  0]LogConfig: Setting CVar [[r.MaxAnisotropy:8]]
[2021.12.02-18.00.22:370][  0]LogConfig: Setting CVar [[r.VT.MaxAnisotropy:8]]
[2021.12.02-18.00.22:370][  0]LogConfig: Setting CVar [[r.Streaming.LimitPoolSizeToVRAM:0]]
[2021.12.02-18.00.22:370][  0]LogConfig: Setting CVar [[r.Streaming.PoolSize:1000]]
[2021.12.02-18.00.22:370][  0]LogConfig: Setting CVar [[r.Streaming.MaxEffectiveScreenSize:0]]
[2021.12.02-18.00.22:370][  0]LogConfig: Applying CVar settings from Section [EffectsQuality@3] File [C:/Users/danie/Documents/GitHub/Whack-a-cheem-RV/WhackACheem/Saved/Config/Windows/Scalability.ini]
[2021.12.02-18.00.22:370][  0]LogConfig: Setting CVar [[r.TranslucencyLightingVolumeDim:4]]
[2021.12.02-18.00.22:370][  0]LogConfig: Setting CVar [[r.RefractionQuality:2]]
[2021.12.02-18.00.22:370][  0]LogConfig: Setting CVar [[r.SSR.Quality:0]]
[2021.12.02-18.00.22:370][  0]LogConfig: Setting CVar [[r.SSR.HalfResSceneColor:0]]
[2021.12.02-18.00.22:370][  0]LogConfig: Setting CVar [[r.SceneColorFormat:2]]
[2021.12.02-18.00.22:370][  0]LogConfig: Setting CVar [[r.DetailMode:2]]
[2021.12.02-18.00.22:370][  0]LogConfig: Setting CVar [[r.TranslucencyVolumeBlur:0]]
[2021.12.02-18.00.22:370][  0]LogConfig: Setting CVar [[r.MaterialQualityLevel:1 ; High quality]]
[2021.12.02-18.00.22:370][  0]LogConfig: Setting CVar [[r.SSS.Scale:1]]
[2021.12.02-18.00.22:370][  0]LogConfig: Setting CVar [[r.SSS.SampleSet:2]]
[2021.12.02-18.00.22:370][  0]LogConfig: Setting CVar [[r.SSS.Quality:1]]
[2021.12.02-18.00.22:370][  0]LogConfig: Setting CVar [[r.SSS.HalfRes:0]]
[2021.12.02-18.00.22:370][  0]LogConfig: Setting CVar [[r.SSGI.Quality:3]]
[2021.12.02-18.00.22:370][  0]LogConfig: Setting CVar [[r.EmitterSpawnRateScale:1.0]]
[2021.12.02-18.00.22:370][  0]LogConfig: Setting CVar [[r.ParticleLightQuality:2]]
[2021.12.02-18.00.22:370][  0]LogConfig: Setting CVar [[r.SkyAtmosphere.AerialPerspectiveLUT.FastApplyOnOpaque:1 ; Always have FastSkyLUT 1 in this case to avoid wrong sky]]
[2021.12.02-18.00.22:370][  0]LogConfig: Setting CVar [[r.SkyAtmosphere.AerialPerspectiveLUT.SampleCountPerSlice:1]]
[2021.12.02-18.00.22:370][  0]LogConfig: Setting CVar [[r.SkyAtmosphere.AerialPerspectiveLUT.DepthResolution:16.0]]
[2021.12.02-18.00.22:370][  0]LogConfig: Setting CVar [[r.SkyAtmosphere.FastSkyLUT:1]]
[2021.12.02-18.00.22:370][  0]LogConfig: Setting CVar [[r.SkyAtmosphere.FastSkyLUT.SampleCountMin:4.0]]
[2021.12.02-18.00.22:370][  0]LogConfig: Setting CVar [[r.SkyAtmosphere.FastSkyLUT.SampleCountMax:32.0]]
[2021.12.02-18.00.22:370][  0]LogConfig: Setting CVar [[r.SkyAtmosphere.SampleCountMin:4.0]]
[2021.12.02-18.00.22:370][  0]LogConfig: Setting CVar [[r.SkyAtmosphere.SampleCountMax:32.0]]
[2021.12.02-18.00.22:370][  0]LogConfig: Setting CVar [[r.SkyAtmosphere.TransmittanceLUT.UseSmallFormat:0]]
[2021.12.02-18.00.22:370][  0]LogConfig: Setting CVar [[r.SkyAtmosphere.TransmittanceLUT.SampleCount:10.0]]
[2021.12.02-18.00.22:370][  0]LogConfig: Setting CVar [[r.SkyAtmosphere.MultiScatteringLUT.SampleCount:15.0]]
[2021.12.02-18.00.22:370][  0]LogConfig: Applying CVar settings from Section [FoliageQuality@3] File [C:/Users/danie/Documents/GitHub/Whack-a-cheem-RV/WhackACheem/Saved/Config/Windows/Scalability.ini]
[2021.12.02-18.00.22:370][  0]LogConfig: Setting CVar [[foliage.DensityScale:1.0]]
[2021.12.02-18.00.22:370][  0]LogConfig: Setting CVar [[grass.DensityScale:1.0]]
[2021.12.02-18.00.22:370][  0]LogConfig: Applying CVar settings from Section [ShadingQuality@3] File [C:/Users/danie/Documents/GitHub/Whack-a-cheem-RV/WhackACheem/Saved/Config/Windows/Scalability.ini]
[2021.12.02-18.00.22:370][  0]LogConfig: Setting CVar [[r.HairStrands.SkyLighting.SampleCount:16]]
[2021.12.02-18.00.22:370][  0]LogConfig: Setting CVar [[r.HairStrands.SkyLighting.JitterIntegration:0]]
[2021.12.02-18.00.22:370][  0]LogConfig: Setting CVar [[r.HairStrands.SkyAO.SampleCount:16]]
[2021.12.02-18.00.22:370][  0]LogConfig: Setting CVar [[r.HairStrands.DeepShadow.SuperSampling:0]]
[2021.12.02-18.00.22:370][  0]LogConfig: Setting CVar [[r.HairStrands.VisibilityPPLL:0]]
[2021.12.02-18.00.22:370][  0]LogConfig: Setting CVar [[r.HairStrands.RasterizationScale:0.5]]
[2021.12.02-18.00.22:370][  0]LogConfig: Setting CVar [[r.HairStrands.VelocityRasterizationScale:1]]
[2021.12.02-18.00.22:370][  0]LogInit: Selected Device Profile: [Windows]
[2021.12.02-18.00.22:370][  0]LogInit: Applying CVar settings loaded from the selected device profile: [Windows]
[2021.12.02-18.00.22:370][  0]LogHAL: Display: Platform has ~ 8 GB [8464355328 / 8589934592 / 8], which maps to Default [LargestMinGB=32, LargerMinGB=12, DefaultMinGB=8, SmallerMinGB=6, SmallestMinGB=0)
[2021.12.02-18.00.22:370][  0]LogInit: Going up to parent DeviceProfile []
[2021.12.02-18.00.22:370][  0]LogConfig: Applying CVar settings from Section [ViewDistanceQuality@3] File [C:/Users/danie/Documents/GitHub/Whack-a-cheem-RV/WhackACheem/Saved/Config/Windows/Scalability.ini]
[2021.12.02-18.00.22:370][  0]LogConfig: Setting CVar [[r.SkeletalMeshLODBias:0]]
[2021.12.02-18.00.22:370][  0]LogConfig: Setting CVar [[r.ViewDistanceScale:1.0]]
[2021.12.02-18.00.22:370][  0]LogConfig: Applying CVar settings from Section [AntiAliasingQuality@3] File [C:/Users/danie/Documents/GitHub/Whack-a-cheem-RV/WhackACheem/Saved/Config/Windows/Scalability.ini]
[2021.12.02-18.00.22:370][  0]LogConfig: Setting CVar [[r.PostProcessAAQuality:3]]
[2021.12.02-18.00.22:370][  0]LogConfig: Applying CVar settings from Section [ShadowQuality@3] File [C:/Users/danie/Documents/GitHub/Whack-a-cheem-RV/WhackACheem/Saved/Config/Windows/Scalability.ini]
[2021.12.02-18.00.22:370][  0]LogConfig: Setting CVar [[r.LightFunctionQuality:1]]
[2021.12.02-18.00.22:370][  0]LogConfig: Setting CVar [[r.ShadowQuality:5]]
[2021.12.02-18.00.22:370][  0]LogConfig: Setting CVar [[r.Shadow.CSM.MaxCascades:10]]
[2021.12.02-18.00.22:370][  0]LogConfig: Setting CVar [[r.Shadow.MaxResolution:2048]]
[2021.12.02-18.00.22:370][  0]LogConfig: Setting CVar [[r.Shadow.MaxCSMResolution:2048]]
[2021.12.02-18.00.22:370][  0]LogConfig: Setting CVar [[r.Shadow.RadiusThreshold:0.01]]
[2021.12.02-18.00.22:370][  0]LogConfig: Setting CVar [[r.Shadow.DistanceScale:1.0]]
[2021.12.02-18.00.22:370][  0]LogConfig: Setting CVar [[r.Shadow.CSM.TransitionScale:1.0]]
[2021.12.02-18.00.22:370][  0]LogConfig: Setting CVar [[r.Shadow.PreShadowResolutionFactor:1.0]]
[2021.12.02-18.00.22:370][  0]LogConfig: Setting CVar [[r.DistanceFieldShadowing:1]]
[2021.12.02-18.00.22:370][  0]LogConfig: Setting CVar [[r.DistanceFieldAO:1]]
[2021.12.02-18.00.22:371][  0]LogConfig: Setting CVar [[r.AOQuality:2]]
[2021.12.02-18.00.22:371][  0]LogConfig: Setting CVar [[r.VolumetricFog:1]]
[2021.12.02-18.00.22:371][  0]LogConfig: Setting CVar [[r.VolumetricFog.GridPixelSize:8]]
[2021.12.02-18.00.22:371][  0]LogConfig: Setting CVar [[r.VolumetricFog.GridSizeZ:128]]
[2021.12.02-18.00.22:371][  0]LogConfig: Setting CVar [[r.VolumetricFog.HistoryMissSupersampleCount:4]]
[2021.12.02-18.00.22:371][  0]LogConfig: Setting CVar [[r.LightMaxDrawDistanceScale:1]]
[2021.12.02-18.00.22:371][  0]LogConfig: Setting CVar [[r.CapsuleShadows:1]]
[2021.12.02-18.00.22:371][  0]LogConfig: Applying CVar settings from Section [PostProcessQuality@3] File [C:/Users/danie/Documents/GitHub/Whack-a-cheem-RV/WhackACheem/Saved/Config/Windows/Scalability.ini]
[2021.12.02-18.00.22:371][  0]LogConfig: Setting CVar [[r.MotionBlurQuality:0]]
[2021.12.02-18.00.22:371][  0]LogConfig: Setting CVar [[r.AmbientOcclusionMipLevelFactor:0.4]]
[2021.12.02-18.00.22:371][  0]LogConfig: Setting CVar [[r.AmbientOcclusionMaxQuality:100]]
[2021.12.02-18.00.22:371][  0]LogConfig: Setting CVar [[r.AmbientOcclusionLevels:0]]
[2021.12.02-18.00.22:371][  0]LogConfig: Setting CVar [[r.AmbientOcclusionRadiusScale:1.0]]
[2021.12.02-18.00.22:371][  0]LogConfig: Setting CVar [[r.DepthOfFieldQuality:0]]
[2021.12.02-18.00.22:371][  0]LogConfig: Setting CVar [[r.RenderTargetPoolMin:400]]
[2021.12.02-18.00.22:371][  0]LogConfig: Setting CVar [[r.LensFlareQuality:0]]
[2021.12.02-18.00.22:371][  0]LogConfig: Setting CVar [[r.SceneColorFringeQuality:0]]
[2021.12.02-18.00.22:371][  0]LogConfig: Setting CVar [[r.EyeAdaptationQuality:2]]
[2021.12.02-18.00.22:371][  0]LogConfig: Setting CVar [[r.BloomQuality:1]]
[2021.12.02-18.00.22:371][  0]LogConfig: Setting CVar [[r.FastBlurThreshold:0]]
[2021.12.02-18.00.22:371][  0]LogConfig: Setting CVar [[r.Upscale.Quality:3]]
[2021.12.02-18.00.22:371][  0]LogConfig: Setting CVar [[r.Tonemapper.GrainQuantization:1]]
[2021.12.02-18.00.22:371][  0]LogConfig: Setting CVar [[r.LightShaftQuality:1]]
[2021.12.02-18.00.22:371][  0]LogConfig: Setting CVar [[r.Filter.SizeScale:1]]
[2021.12.02-18.00.22:371][  0]LogConfig: Setting CVar [[r.Tonemapper.Quality:5]]
[2021.12.02-18.00.22:371][  0]LogConfig: Setting CVar [[r.DOF.Gather.AccumulatorQuality:1        ; higher gathering accumulator quality]]
[2021.12.02-18.00.22:371][  0]LogConfig: Setting CVar [[r.DOF.Gather.PostfilterMethod:1          ; Median3x3 postfilering method]]
[2021.12.02-18.00.22:371][  0]LogConfig: Setting CVar [[r.DOF.Gather.EnableBokehSettings:0       ; no bokeh simulation when gathering]]
[2021.12.02-18.00.22:371][  0]LogConfig: Setting CVar [[r.DOF.Gather.RingCount:4                 ; medium number of samples when gathering]]
[2021.12.02-18.00.22:371][  0]LogConfig: Setting CVar [[r.DOF.Scatter.ForegroundCompositing:1    ; additive foreground scattering]]
[2021.12.02-18.00.22:371][  0]LogConfig: Setting CVar [[r.DOF.Scatter.BackgroundCompositing:2    ; additive background scattering]]
[2021.12.02-18.00.22:371][  0]LogConfig: Setting CVar [[r.DOF.Scatter.EnableBokehSettings:1      ; bokeh simulation when scattering]]
[2021.12.02-18.00.22:371][  0]LogConfig: Setting CVar [[r.DOF.Scatter.MaxSpriteRatio:0.1         ; only a maximum of 10% of scattered bokeh]]
[2021.12.02-18.00.22:371][  0]LogConfig: Setting CVar [[r.DOF.Recombine.Quality:1                ; cheap slight out of focus]]
[2021.12.02-18.00.22:371][  0]LogConfig: Setting CVar [[r.DOF.Recombine.EnableBokehSettings:0    ; no bokeh simulation on slight out of focus]]
[2021.12.02-18.00.22:371][  0]LogConfig: Setting CVar [[r.DOF.TemporalAAQuality:1                ; more stable temporal accumulation]]
[2021.12.02-18.00.22:371][  0]LogConfig: Setting CVar [[r.DOF.Kernel.MaxForegroundRadius:0.025]]
[2021.12.02-18.00.22:371][  0]LogConfig: Setting CVar [[r.DOF.Kernel.MaxBackgroundRadius:0.025]]
[2021.12.02-18.00.22:371][  0]LogConfig: Applying CVar settings from Section [TextureQuality@3] File [C:/Users/danie/Documents/GitHub/Whack-a-cheem-RV/WhackACheem/Saved/Config/Windows/Scalability.ini]
[2021.12.02-18.00.22:371][  0]LogConfig: Setting CVar [[r.Streaming.MipBias:0]]
[2021.12.02-18.00.22:371][  0]LogConfig: Setting CVar [[r.Streaming.AmortizeCPUToGPUCopy:0]]
[2021.12.02-18.00.22:371][  0]LogConfig: Setting CVar [[r.Streaming.MaxNumTexturesToStreamPerFrame:0]]
[2021.12.02-18.00.22:371][  0]LogConfig: Setting CVar [[r.Streaming.Boost:1]]
[2021.12.02-18.00.22:371][  0]LogConfig: Setting CVar [[r.MaxAnisotropy:8]]
[2021.12.02-18.00.22:371][  0]LogConfig: Setting CVar [[r.VT.MaxAnisotropy:8]]
[2021.12.02-18.00.22:371][  0]LogConfig: Setting CVar [[r.Streaming.LimitPoolSizeToVRAM:0]]
[2021.12.02-18.00.22:371][  0]LogConfig: Setting CVar [[r.Streaming.PoolSize:1000]]
[2021.12.02-18.00.22:371][  0]LogConfig: Setting CVar [[r.Streaming.MaxEffectiveScreenSize:0]]
[2021.12.02-18.00.22:371][  0]LogConfig: Applying CVar settings from Section [EffectsQuality@3] File [C:/Users/danie/Documents/GitHub/Whack-a-cheem-RV/WhackACheem/Saved/Config/Windows/Scalability.ini]
[2021.12.02-18.00.22:371][  0]LogConfig: Setting CVar [[r.TranslucencyLightingVolumeDim:4]]
[2021.12.02-18.00.22:371][  0]LogConfig: Setting CVar [[r.RefractionQuality:2]]
[2021.12.02-18.00.22:371][  0]LogConfig: Setting CVar [[r.SSR.Quality:0]]
[2021.12.02-18.00.22:371][  0]LogConfig: Setting CVar [[r.SSR.HalfResSceneColor:0]]
[2021.12.02-18.00.22:371][  0]LogConfig: Setting CVar [[r.SceneColorFormat:2]]
[2021.12.02-18.00.22:371][  0]LogConfig: Setting CVar [[r.DetailMode:2]]
[2021.12.02-18.00.22:371][  0]LogConfig: Setting CVar [[r.TranslucencyVolumeBlur:0]]
[2021.12.02-18.00.22:371][  0]LogConfig: Setting CVar [[r.MaterialQualityLevel:1 ; High quality]]
[2021.12.02-18.00.22:371][  0]LogConfig: Setting CVar [[r.SSS.Scale:1]]
[2021.12.02-18.00.22:371][  0]LogConfig: Setting CVar [[r.SSS.SampleSet:2]]
[2021.12.02-18.00.22:371][  0]LogConfig: Setting CVar [[r.SSS.Quality:1]]
[2021.12.02-18.00.22:371][  0]LogConfig: Setting CVar [[r.SSS.HalfRes:0]]
[2021.12.02-18.00.22:371][  0]LogConfig: Setting CVar [[r.SSGI.Quality:3]]
[2021.12.02-18.00.22:371][  0]LogConfig: Setting CVar [[r.EmitterSpawnRateScale:1.0]]
[2021.12.02-18.00.22:371][  0]LogConfig: Setting CVar [[r.ParticleLightQuality:2]]
[2021.12.02-18.00.22:371][  0]LogConfig: Setting CVar [[r.SkyAtmosphere.AerialPerspectiveLUT.FastApplyOnOpaque:1 ; Always have FastSkyLUT 1 in this case to avoid wrong sky]]
[2021.12.02-18.00.22:371][  0]LogConfig: Setting CVar [[r.SkyAtmosphere.AerialPerspectiveLUT.SampleCountPerSlice:1]]
[2021.12.02-18.00.22:371][  0]LogConfig: Setting CVar [[r.SkyAtmosphere.AerialPerspectiveLUT.DepthResolution:16.0]]
[2021.12.02-18.00.22:371][  0]LogConfig: Setting CVar [[r.SkyAtmosphere.FastSkyLUT:1]]
[2021.12.02-18.00.22:371][  0]LogConfig: Setting CVar [[r.SkyAtmosphere.FastSkyLUT.SampleCountMin:4.0]]
[2021.12.02-18.00.22:371][  0]LogConfig: Setting CVar [[r.SkyAtmosphere.FastSkyLUT.SampleCountMax:32.0]]
[2021.12.02-18.00.22:371][  0]LogConfig: Setting CVar [[r.SkyAtmosphere.SampleCountMin:4.0]]
[2021.12.02-18.00.22:371][  0]LogConfig: Setting CVar [[r.SkyAtmosphere.SampleCountMax:32.0]]
[2021.12.02-18.00.22:371][  0]LogConfig: Setting CVar [[r.SkyAtmosphere.TransmittanceLUT.UseSmallFormat:0]]
[2021.12.02-18.00.22:371][  0]LogConfig: Setting CVar [[r.SkyAtmosphere.TransmittanceLUT.SampleCount:10.0]]
[2021.12.02-18.00.22:371][  0]LogConfig: Setting CVar [[r.SkyAtmosphere.MultiScatteringLUT.SampleCount:15.0]]
[2021.12.02-18.00.22:371][  0]LogConfig: Applying CVar settings from Section [FoliageQuality@3] File [C:/Users/danie/Documents/GitHub/Whack-a-cheem-RV/WhackACheem/Saved/Config/Windows/Scalability.ini]
[2021.12.02-18.00.22:371][  0]LogConfig: Setting CVar [[foliage.DensityScale:1.0]]
[2021.12.02-18.00.22:371][  0]LogConfig: Setting CVar [[grass.DensityScale:1.0]]
[2021.12.02-18.00.22:371][  0]LogConfig: Applying CVar settings from Section [ShadingQuality@3] File [C:/Users/danie/Documents/GitHub/Whack-a-cheem-RV/WhackACheem/Saved/Config/Windows/Scalability.ini]
[2021.12.02-18.00.22:371][  0]LogConfig: Setting CVar [[r.HairStrands.SkyLighting.SampleCount:16]]
[2021.12.02-18.00.22:371][  0]LogConfig: Setting CVar [[r.HairStrands.SkyLighting.JitterIntegration:0]]
[2021.12.02-18.00.22:371][  0]LogConfig: Setting CVar [[r.HairStrands.SkyAO.SampleCount:16]]
[2021.12.02-18.00.22:371][  0]LogConfig: Setting CVar [[r.HairStrands.DeepShadow.SuperSampling:0]]
[2021.12.02-18.00.22:371][  0]LogConfig: Setting CVar [[r.HairStrands.VisibilityPPLL:0]]
[2021.12.02-18.00.22:371][  0]LogConfig: Setting CVar [[r.HairStrands.RasterizationScale:0.5]]
[2021.12.02-18.00.22:371][  0]LogConfig: Setting CVar [[r.HairStrands.VelocityRasterizationScale:1]]
[2021.12.02-18.00.22:371][  0]LogConfig: Applying CVar settings from Section [Startup] File [../../../Engine/Config/ConsoleVariables.ini]
[2021.12.02-18.00.22:372][  0]LogConfig: Setting CVar [[net.UseAdaptiveNetUpdateFrequency:0]]
[2021.12.02-18.00.22:372][  0]LogConfig: Setting CVar [[p.chaos.AllowCreatePhysxBodies:1]]
[2021.12.02-18.00.22:372][  0]LogConfig: Setting CVar [[fx.SkipVectorVMBackendOptimizations:1]]
[2021.12.02-18.00.22:372][  0]LogConfig: Applying CVar settings from Section [ConsoleVariables] File [C:/Users/danie/Documents/GitHub/Whack-a-cheem-RV/WhackACheem/Saved/Config/Windows/Engine.ini]
[2021.12.02-18.00.22:373][  0]LogInit: Computer: DESKTOP-V48BJ1S
[2021.12.02-18.00.22:373][  0]LogInit: User: Dwanwii
[2021.12.02-18.00.22:373][  0]LogInit: CPU Page size=4096, Cores=4
[2021.12.02-18.00.22:373][  0]LogInit: High frequency timer resolution =10.000000 MHz
[2021.12.02-18.00.22:373][  0]LogMemory: Memory total: Physical=7.9GB (8GB approx)
[2021.12.02-18.00.22:373][  0]LogMemory: Platform Memory Stats for Windows
[2021.12.02-18.00.22:373][  0]LogMemory: Process Physical Memory: 114.25 MB used, 114.26 MB peak
[2021.12.02-18.00.22:373][  0]LogMemory: Process Virtual Memory: 95.85 MB used, 95.85 MB peak
[2021.12.02-18.00.22:373][  0]LogMemory: Physical Memory: 7365.54 MB used,  706.70 MB free, 8072.24 MB total
[2021.12.02-18.00.22:373][  0]LogMemory: Virtual Memory: 5144.89 MB used,  134212584.00 MB free, 134217728.00 MB total
[2021.12.02-18.00.22:378][  0]LogWindows: WindowsPlatformFeatures enabled
[2021.12.02-18.00.22:409][  0]LogInit: Physics initialised using underlying interface: PhysX
[2021.12.02-18.00.22:410][  0]LogInit: Overriding language with editor language configuration option (en).
[2021.12.02-18.00.22:410][  0]LogInit: Overriding locale with editor locale configuration option (en).
[2021.12.02-18.00.22:623][  0]LogInit: Setting process to per monitor DPI aware
[2021.12.02-18.00.22:658][  0]LogSlate: New Slate User Created.  User Index 0, Is Virtual User: 0
[2021.12.02-18.00.22:658][  0]LogSlate: Slate User Registered.  User Index 0, Is Virtual User: 0
[2021.12.02-18.00.22:876][  0]LogHMD: Failed to initialize OpenVR with code 110
[2021.12.02-18.00.22:876][  0]LogD3D11RHI: D3D11 min allowed feature level: 11_0
[2021.12.02-18.00.22:876][  0]LogD3D11RHI: D3D11 max allowed feature level: 11_0
[2021.12.02-18.00.22:876][  0]LogD3D11RHI: D3D11 adapters:
[2021.12.02-18.00.22:974][  0]LogD3D11RHI:    0. 'NVIDIA GeForce GTX 1650' (Feature Level 11_0)
[2021.12.02-18.00.22:974][  0]LogD3D11RHI:       3962/0/4036 MB DedicatedVideo/DedicatedSystem/SharedSystem, Outputs:2, VendorId:0x10de
[2021.12.02-18.00.22:998][  0]LogD3D11RHI:    1. 'Intel(R) UHD Graphics 630' (Feature Level 11_0)
[2021.12.02-18.00.22:998][  0]LogD3D11RHI:       128/0/4036 MB DedicatedVideo/DedicatedSystem/SharedSystem, Outputs:0, VendorId:0x8086
[2021.12.02-18.00.23:001][  0]LogD3D11RHI:    2. 'Microsoft Basic Render Driver' (Feature Level 11_0)
[2021.12.02-18.00.23:002][  0]LogD3D11RHI:       0/0/4036 MB DedicatedVideo/DedicatedSystem/SharedSystem, Outputs:0, VendorId:0x1414
[2021.12.02-18.00.23:002][  0]LogD3D11RHI: Chosen D3D11 Adapter: 0
[2021.12.02-18.00.23:015][  0]LogD3D11RHI: Creating new Direct3DDevice
[2021.12.02-18.00.23:015][  0]LogD3D11RHI:     GPU DeviceId: 0x1f91 (for the marketing name, search the web for "GPU Device Id")
[2021.12.02-18.00.23:015][  0]LogWindows: EnumDisplayDevices:
[2021.12.02-18.00.23:015][  0]LogWindows:    0. 'Intel(R) UHD Graphics 630' (P:1 D:1)
[2021.12.02-18.00.23:015][  0]LogWindows:    1. 'Intel(R) UHD Graphics 630' (P:0 D:0)
[2021.12.02-18.00.23:015][  0]LogWindows:    2. 'Intel(R) UHD Graphics 630' (P:0 D:0)
[2021.12.02-18.00.23:016][  0]LogWindows:    3. 'NVIDIA GeForce GTX 1650' (P:0 D:1)
[2021.12.02-18.00.23:016][  0]LogWindows:    4. 'NVIDIA GeForce GTX 1650' (P:0 D:0)
[2021.12.02-18.00.23:016][  0]LogWindows:    5. 'NVIDIA GeForce GTX 1650' (P:0 D:0)
[2021.12.02-18.00.23:016][  0]LogWindows:    6. 'NVIDIA GeForce GTX 1650' (P:0 D:0)
[2021.12.02-18.00.23:017][  0]LogWindows: DebugString: PrimaryIsNotTheChoosenAdapter PrimaryIsNotTheChoosenAdapter PrimaryIsNotTheChoosenAdapter FoundDriverCount:4 
[2021.12.02-18.00.23:017][  0]LogD3D11RHI:     Adapter Name: NVIDIA GeForce GTX 1650
[2021.12.02-18.00.23:017][  0]LogD3D11RHI:   Driver Version: 457.49 (internal:27.21.14.5749, unified:457.49)
[2021.12.02-18.00.23:017][  0]LogD3D11RHI:      Driver Date: 11-20-2020
[2021.12.02-18.00.23:017][  0]LogRHI: Texture pool is 2773 MB (70% of 3962 MB)
[2021.12.02-18.00.23:092][  0]LogD3D11RHI: RHI has support for 64 bit atomics
[2021.12.02-18.00.23:092][  0]LogD3D11RHI: Async texture creation enabled
[2021.12.02-18.00.23:092][  0]LogD3D11RHI: Array index from any shader is supported
[2021.12.02-18.00.23:112][  0]LogD3D11RHI: GPU Timing Frequency: 1000.000000 (Debug: 2 1)
[2021.12.02-18.00.23:450][  0]LogTargetPlatformManager: Display: Loaded TargetPlatform 'AllDesktop'
[2021.12.02-18.00.23:487][  0]LogTargetPlatformManager: Display: Loaded TargetPlatform 'Android'
[2021.12.02-18.00.23:487][  0]LogTargetPlatformManager: Display: Loaded TargetPlatform 'Android_ASTC'
[2021.12.02-18.00.23:487][  0]LogTargetPlatformManager: Display: Loaded TargetPlatform 'Android_DXT'
[2021.12.02-18.00.23:487][  0]LogTargetPlatformManager: Display: Loaded TargetPlatform 'Android_ETC2'
[2021.12.02-18.00.23:487][  0]LogTargetPlatformManager: Display: Loaded TargetPlatform 'AndroidClient'
[2021.12.02-18.00.23:487][  0]LogTargetPlatformManager: Display: Loaded TargetPlatform 'Android_ASTCClient'
[2021.12.02-18.00.23:487][  0]LogTargetPlatformManager: Display: Loaded TargetPlatform 'Android_DXTClient'
[2021.12.02-18.00.23:487][  0]LogTargetPlatformManager: Display: Loaded TargetPlatform 'Android_ETC2Client'
[2021.12.02-18.00.23:487][  0]LogTargetPlatformManager: Display: Loaded TargetPlatform 'Android_Multi'
[2021.12.02-18.00.23:487][  0]LogTargetPlatformManager: Display: Loaded TargetPlatform 'Android_MultiClient'
[2021.12.02-18.00.23:515][  0]LogTargetPlatformManager: Display: Loaded TargetPlatform 'IOSClient'
[2021.12.02-18.00.23:515][  0]LogTargetPlatformManager: Display: Loaded TargetPlatform 'IOS'
[2021.12.02-18.00.23:532][  0]LogTargetPlatformManager: Display: Loaded TargetPlatform 'Linux'
[2021.12.02-18.00.23:548][  0]LogTargetPlatformManager: Display: Loaded TargetPlatform 'LinuxNoEditor'
[2021.12.02-18.00.23:560][  0]LogTargetPlatformManager: Display: Loaded TargetPlatform 'LinuxClient'
[2021.12.02-18.00.23:571][  0]LogTargetPlatformManager: Display: Loaded TargetPlatform 'LinuxServer'
[2021.12.02-18.00.23:582][  0]LogTargetPlatformManager: Display: Loaded TargetPlatform 'LinuxAArch64NoEditor'
[2021.12.02-18.00.23:593][  0]LogTargetPlatformManager: Display: Loaded TargetPlatform 'LinuxAArch64Client'
[2021.12.02-18.00.23:609][  0]LogTargetPlatformManager: Display: Loaded TargetPlatform 'LinuxAArch64Server'
[2021.12.02-18.00.23:644][  0]LogTargetPlatformManager: Display: Loaded TargetPlatform 'Lumin'
[2021.12.02-18.00.23:644][  0]LogTargetPlatformManager: Display: Loaded TargetPlatform 'LuminClient'
[2021.12.02-18.00.23:668][  0]LogTargetPlatformManager: Display: Loaded TargetPlatform 'TVOSClient'
[2021.12.02-18.00.23:668][  0]LogTargetPlatformManager: Display: Loaded TargetPlatform 'TVOS'
[2021.12.02-18.00.23:681][  0]LogTargetPlatformManager: Display: Loaded TargetPlatform 'WindowsNoEditor'
[2021.12.02-18.00.23:692][  0]LogTargetPlatformManager: Display: Loaded TargetPlatform 'Windows'
[2021.12.02-18.00.23:704][  0]LogTargetPlatformManager: Display: Loaded TargetPlatform 'WindowsClient'
[2021.12.02-18.00.23:714][  0]LogTargetPlatformManager: Display: Loaded TargetPlatform 'WindowsServer'
[2021.12.02-18.00.23:714][  0]LogTargetPlatformManager: Display: Building Assets For Windows
[2021.12.02-18.00.23:721][  0]LogAudioDebug: Display: Lib vorbis DLL was dynamically loaded.
[2021.12.02-18.00.23:803][  0]LogShaderCompilers: Guid format shader working directory is -30 characters bigger than the processId version (../../../../../../Users/danie/Documents/GitHub/Whack-a-cheem-RV/WhackACheem/Intermediate/Shaders/WorkingDirectory/12108/).
[2021.12.02-18.00.23:803][  0]LogShaderCompilers: Cleaned the shader compiler working directory 'C:/Users/danie/AppData/Local/Temp/UnrealShaderWorkingDir/C7D112774F4896CC734B2A92DF7EE614/'.
[2021.12.02-18.00.23:804][  0]LogXGEController: Cannot use XGE Controller as Incredibuild is not installed on this machine.
[2021.12.02-18.00.23:804][  0]LogShaderCompilers: Cannot use XGE Shader Compiler as Incredibuild is not installed on this machine.
[2021.12.02-18.00.23:804][  0]LogShaderCompilers: Display: Using Local Shader Compiler.
[2021.12.02-18.00.24:576][  0]LogDerivedDataCache: Display: Max Cache Size: 512 MB
[2021.12.02-18.00.24:650][  0]LogDerivedDataCache: Loaded boot cache 0.07s 75MB C:/Users/danie/AppData/Local/UnrealEngine/4.25/DerivedDataCache/Boot.ddc.
[2021.12.02-18.00.24:650][  0]LogDerivedDataCache: Display: Loaded Boot cache: C:/Users/danie/AppData/Local/UnrealEngine/4.25/DerivedDataCache/Boot.ddc
[2021.12.02-18.00.24:650][  0]LogDerivedDataCache: FDerivedDataBackendGraph:  Pak pak cache file ../../../../../../Users/danie/Documents/GitHub/Whack-a-cheem-RV/WhackACheem/DerivedDataCache/DDC.ddp not found, will not use a pak cache.
[2021.12.02-18.00.24:650][  0]LogDerivedDataCache: Unable to find inner node Pak for hierarchical cache Hierarchy.
[2021.12.02-18.00.24:650][  0]LogDerivedDataCache: FDerivedDataBackendGraph:  CompressedPak pak cache file ../../../../../../Users/danie/Documents/GitHub/Whack-a-cheem-RV/WhackACheem/DerivedDataCache/Compressed.ddp not found, will not use a pak cache.
[2021.12.02-18.00.24:650][  0]LogDerivedDataCache: Unable to find inner node CompressedPak for hierarchical cache Hierarchy.
[2021.12.02-18.00.24:664][  0]LogDerivedDataCache: Display: Pak cache opened for reading ../../../Engine/DerivedDataCache/Compressed.ddp.
[2021.12.02-18.00.24:665][  0]LogDerivedDataCache: FDerivedDataBackendGraph:  EnterprisePak pak cache file ../../../Enterprise/DerivedDataCache/Compressed.ddp not found, will not use a pak cache.
[2021.12.02-18.00.24:665][  0]LogDerivedDataCache: Unable to find inner node EnterprisePak for hierarchical cache Hierarchy.
[2021.12.02-18.00.24:667][  0]LogDerivedDataCache: Using Local data cache path C:/Users/danie/AppData/Local/UnrealEngine/Common/DerivedDataCache: Writable
[2021.12.02-18.00.24:667][  0]LogDerivedDataCache: Shared data cache path not found in *engine.ini, will not use an Shared cache.
[2021.12.02-18.00.24:668][  0]LogDerivedDataCache: Unable to find inner node Shared for hierarchical cache Hierarchy.
[2021.12.02-18.00.25:769][  0]LogSlate: Using FreeType 2.10.0
[2021.12.02-18.00.25:770][  0]LogSlate: SlateFontServices - WITH_FREETYPE: 1, WITH_HARFBUZZ: 1
[2021.12.02-18.00.25:811][  0]LogShaderCompilers: Display: Worker (1/5): shaders left to compile 2715
[2021.12.02-18.00.25:811][  0]LogShaderCompilers: Display: Worker (2/5): shaders left to compile 2714
[2021.12.02-18.00.25:811][  0]LogShaderCompilers: Display: Worker (3/5): shaders left to compile 2713
[2021.12.02-18.00.25:811][  0]LogShaderCompilers: Display: Worker (4/5): shaders left to compile 2712
[2021.12.02-18.00.25:811][  0]LogShaderCompilers: Display: Worker (5/5): shaders left to compile 2711
[2021.12.02-18.00.25:811][  0]LogAssetRegistry: FAssetRegistry took 0.0046 seconds to start up
[2021.12.02-18.00.26:285][  0]LogInit: Selected Device Profile: [Windows]
[2021.12.02-18.00.26:376][  0]LogShaderCompilers: Display: Worker (2/5): shaders left to compile 2710
[2021.12.02-18.00.26:376][  0]LogShaderCompilers: Display: Worker (4/5): shaders left to compile 2709
[2021.12.02-18.00.26:376][  0]LogShaderCompilers: Display: Worker (1/5): shaders left to compile 2708
[2021.12.02-18.00.26:376][  0]LogMaterial: Display: Missing cached shader map for material DefaultDeferredDecalMaterial, compiling. 
[2021.12.02-18.00.27:234][  0]LogShaderCompilers: Display: Worker (3/5): shaders left to compile 2707
[2021.12.02-18.00.27:234][  0]LogShaderCompilers: Display: Worker (5/5): shaders left to compile 2706
[2021.12.02-18.00.27:234][  0]LogShaderCompilers: Display: Worker (2/5): shaders left to compile 2705
[2021.12.02-18.00.27:234][  0]LogShaderCompilers: Display: Worker (4/5): shaders left to compile 2704
[2021.12.02-18.00.27:234][  0]LogShaderCompilers: Display: Worker (1/5): shaders left to compile 2703
[2021.12.02-18.00.27:234][  0]LogShaderCompilers: Display: Worker (5/5): shaders left to compile 2702
[2021.12.02-18.00.27:234][  0]LogShaderCompilers: Display: Worker (3/5): shaders left to compile 2701
[2021.12.02-18.00.27:234][  0]LogShaderCompilers: Display: Worker (4/5): shaders left to compile 2848
[2021.12.02-18.00.27:234][  0]LogShaderCompilers: Display: Worker (1/5): shaders left to compile 2847
[2021.12.02-18.00.27:234][  0]LogShaderCompilers: Display: Worker (3/5): shaders left to compile 2846
[2021.12.02-18.00.27:234][  0]LogShaderCompilers: Display: Worker (5/5): shaders left to compile 2845
[2021.12.02-18.00.27:234][  0]LogShaderCompilers: Display: Worker (2/5): shaders left to compile 2844
[2021.12.02-18.00.27:234][  0]LogShaderCompilers: Display: Worker (4/5): shaders left to compile 2843
[2021.12.02-18.00.27:234][  0]LogShaderCompilers: Display: Worker (1/5): shaders left to compile 2842
[2021.12.02-18.00.27:234][  0]LogShaderCompilers: Display: Worker (3/5): shaders left to compile 2841
[2021.12.02-18.00.27:234][  0]LogShaderCompilers: Display: Worker (5/5): shaders left to compile 2840
[2021.12.02-18.00.27:234][  0]LogShaderCompilers: Display: Worker (2/5): shaders left to compile 2839
[2021.12.02-18.00.27:234][  0]LogShaderCompilers: Display: Worker (4/5): shaders left to compile 2838
[2021.12.02-18.00.27:234][  0]LogShaderCompilers: Display: Worker (1/5): shaders left to compile 2837
[2021.12.02-18.00.27:793][  0]LogShaderCompilers: Display: Worker (5/5): shaders left to compile 2836
[2021.12.02-18.00.27:793][  0]LogShaderCompilers: Display: Worker (3/5): shaders left to compile 2835
[2021.12.02-18.00.27:793][  0]LogShaderCompilers: Display: Worker (2/5): shaders left to compile 2834
[2021.12.02-18.00.27:793][  0]LogShaderCompilers: Display: Worker (4/5): shaders left to compile 2833
[2021.12.02-18.00.27:793][  0]LogShaderCompilers: Display: Worker (1/5): shaders left to compile 2832
[2021.12.02-18.00.27:793][  0]LogShaderCompilers: Display: Worker (5/5): shaders left to compile 2831
[2021.12.02-18.00.27:793][  0]LogShaderCompilers: Display: Worker (3/5): shaders left to compile 2830
[2021.12.02-18.00.27:793][  0]LogShaderCompilers: Display: Worker (2/5): shaders left to compile 2829
[2021.12.02-18.00.27:793][  0]LogShaderCompilers: Display: Worker (1/5): shaders left to compile 2828
[2021.12.02-18.00.27:793][  0]LogShaderCompilers: Display: Worker (4/5): shaders left to compile 2827
[2021.12.02-18.00.27:793][  0]LogShaderCompilers: Display: Worker (3/5): shaders left to compile 2826
[2021.12.02-18.00.27:793][  0]LogShaderCompilers: Display: Worker (2/5): shaders left to compile 2825
[2021.12.02-18.00.27:793][  0]LogShaderCompilers: Display: Worker (5/5): shaders left to compile 2824
[2021.12.02-18.00.28:351][  0]LogShaderCompilers: Display: Worker (1/5): shaders left to compile 2823
[2021.12.02-18.00.28:351][  0]LogShaderCompilers: Display: Worker (4/5): shaders left to compile 2822
[2021.12.02-18.00.28:351][  0]LogShaderCompilers: Display: Worker (2/5): shaders left to compile 2821
[2021.12.02-18.00.28:351][  0]LogShaderCompilers: Display: Worker (5/5): shaders left to compile 2820
[2021.12.02-18.00.28:351][  0]LogShaderCompilers: Display: Worker (2/5): shaders left to compile 2819
[2021.12.02-18.00.28:351][  0]LogShaderCompilers: Display: Worker (4/5): shaders left to compile 2818
[2021.12.02-18.00.28:351][  0]LogShaderCompilers: Display: Worker (5/5): shaders left to compile 2817
[2021.12.02-18.00.28:351][  0]LogShaderCompilers: Display: Worker (1/5): shaders left to compile 2816
[2021.12.02-18.00.28:351][  0]LogShaderCompilers: Display: Worker (2/5): shaders left to compile 2815
[2021.12.02-18.00.28:351][  0]LogShaderCompilers: Display: Worker (4/5): shaders left to compile 2814
[2021.12.02-18.00.28:351][  0]LogShaderCompilers: Display: Worker (5/5): shaders left to compile 2813
[2021.12.02-18.00.28:351][  0]LogShaderCompilers: Display: Worker (1/5): shaders left to compile 2812
[2021.12.02-18.00.28:910][  0]LogShaderCompilers: Display: Worker (4/5): shaders left to compile 2811
[2021.12.02-18.00.28:910][  0]LogShaderCompilers: Display: Worker (1/5): shaders left to compile 2810
[2021.12.02-18.00.28:910][  0]LogShaderCompilers: Display: Worker (5/5): shaders left to compile 2809
[2021.12.02-18.00.28:910][  0]LogShaderCompilers: Display: Worker (2/5): shaders left to compile 2808
[2021.12.02-18.00.28:910][  0]LogShaderCompilers: Display: Worker (3/5): shaders left to compile 2807
[2021.12.02-18.00.28:910][  0]LogShaderCompilers: Display: Worker (1/5): shaders left to compile 2806
[2021.12.02-18.00.28:910][  0]LogShaderCompilers: Display: Worker (4/5): shaders left to compile 2805
[2021.12.02-18.00.28:910][  0]LogShaderCompilers: Display: Worker (5/5): shaders left to compile 2804
[2021.12.02-18.00.28:910][  0]LogShaderCompilers: Display: Worker (2/5): shaders left to compile 2803
[2021.12.02-18.00.28:910][  0]LogShaderCompilers: Display: Worker (3/5): shaders left to compile 2802
[2021.12.02-18.00.28:910][  0]LogShaderCompilers: Display: Worker (2/5): shaders left to compile 2801
[2021.12.02-18.00.28:910][  0]LogShaderCompilers: Display: Worker (5/5): shaders left to compile 2800
[2021.12.02-18.00.29:469][  0]LogShaderCompilers: Display: Worker (4/5): shaders left to compile 2799
[2021.12.02-18.00.29:469][  0]LogShaderCompilers: Display: Worker (1/5): shaders left to compile 2798
[2021.12.02-18.00.29:469][  0]LogShaderCompilers: Display: Worker (3/5): shaders left to compile 2797
[2021.12.02-18.00.29:469][  0]LogShaderCompilers: Display: Worker (2/5): shaders left to compile 2796
[2021.12.02-18.00.29:469][  0]LogShaderCompilers: Display: Worker (5/5): shaders left to compile 2795
[2021.12.02-18.00.29:469][  0]LogShaderCompilers: Display: Worker (4/5): shaders left to compile 2794
[2021.12.02-18.00.29:469][  0]LogShaderCompilers: Display: Worker (1/5): shaders left to compile 2793
[2021.12.02-18.00.29:469][  0]LogShaderCompilers: Display: Worker (2/5): shaders left to compile 2792
[2021.12.02-18.00.29:469][  0]LogShaderCompilers: Display: Worker (3/5): shaders left to compile 2791
[2021.12.02-18.00.29:469][  0]LogShaderCompilers: Display: Worker (5/5): shaders left to compile 2790
[2021.12.02-18.00.29:469][  0]LogShaderCompilers: Display: Worker (4/5): shaders left to compile 2789
[2021.12.02-18.00.29:469][  0]LogShaderCompilers: Display: Worker (1/5): shaders left to compile 2788
[2021.12.02-18.00.29:469][  0]LogShaderCompilers: Display: Worker (2/5): shaders left to compile 2787
[2021.12.02-18.00.30:029][  0]LogShaderCompilers: Display: Worker (5/5): shaders left to compile 2786
[2021.12.02-18.00.30:029][  0]LogShaderCompilers: Display: Worker (3/5): shaders left to compile 2785
[2021.12.02-18.00.30:029][  0]LogShaderCompilers: Display: Worker (4/5): shaders left to compile 2784
[2021.12.02-18.00.30:029][  0]LogShaderCompilers: Display: Worker (1/5): shaders left to compile 2783
[2021.12.02-18.00.30:029][  0]LogShaderCompilers: Display: Worker (2/5): shaders left to compile 2782
[2021.12.02-18.00.30:029][  0]LogShaderCompilers: Display: Worker (5/5): shaders left to compile 2781
[2021.12.02-18.00.30:029][  0]LogShaderCompilers: Display: Worker (1/5): shaders left to compile 2780
[2021.12.02-18.00.30:029][  0]LogShaderCompilers: Display: Worker (2/5): shaders left to compile 2779
[2021.12.02-18.00.30:029][  0]LogShaderCompilers: Display: Worker (3/5): shaders left to compile 2778
[2021.12.02-18.00.30:029][  0]LogShaderCompilers: Display: Worker (4/5): shaders left to compile 2777
[2021.12.02-18.00.30:029][  0]LogShaderCompilers: Display: Worker (3/5): shaders left to compile 2776
[2021.12.02-18.00.30:029][  0]LogShaderCompilers: Display: Worker (5/5): shaders left to compile 2775
[2021.12.02-18.00.30:029][  0]LogShaderCompilers: Display: Worker (2/5): shaders left to compile 2774
[2021.12.02-18.00.30:029][  0]LogShaderCompilers: Display: Worker (4/5): shaders left to compile 2773
[2021.12.02-18.00.30:029][  0]LogShaderCompilers: Display: Worker (3/5): shaders left to compile 2772
[2021.12.02-18.00.30:029][  0]LogShaderCompilers: Display: Worker (2/5): shaders left to compile 2771
[2021.12.02-18.00.30:029][  0]LogShaderCompilers: Display: Worker (5/5): shaders left to compile 2770
[2021.12.02-18.00.30:583][  0]LogShaderCompilers: Display: Worker (1/5): shaders left to compile 2769
[2021.12.02-18.00.30:583][  0]LogShaderCompilers: Display: Worker (5/5): shaders left to compile 2768
[2021.12.02-18.00.30:583][  0]LogShaderCompilers: Display: Worker (1/5): shaders left to compile 2767
[2021.12.02-18.00.30:583][  0]LogShaderCompilers: Display: Worker (5/5): shaders left to compile 2766
[2021.12.02-18.00.30:583][  0]LogShaderCompilers: Display: Worker (2/5): shaders left to compile 2765
[2021.12.02-18.00.30:583][  0]LogShaderCompilers: Display: Worker (1/5): shaders left to compile 2764
[2021.12.02-18.00.31:135][  0]LogShaderCompilers: Display: Worker (3/5): shaders left to compile 2763
[2021.12.02-18.00.31:135][  0]LogShaderCompilers: Display: Worker (4/5): shaders left to compile 2762
[2021.12.02-18.00.31:135][  0]LogShaderCompilers: Display: Worker (3/5): shaders left to compile 2761
[2021.12.02-18.00.31:135][  0]LogShaderCompilers: Display: Worker (4/5): shaders left to compile 2760
[2021.12.02-18.00.31:135][  0]LogShaderCompilers: Display: Worker (3/5): shaders left to compile 2759
[2021.12.02-18.00.31:688][  0]LogShaderCompilers: Display: Worker (4/5): shaders left to compile 2758
[2021.12.02-18.00.31:688][  0]LogShaderCompilers: Display: Worker (3/5): shaders left to compile 2757
[2021.12.02-18.00.31:688][  0]LogShaderCompilers: Display: Worker (4/5): shaders left to compile 2756
[2021.12.02-18.00.31:688][  0]LogShaderCompilers: Display: Worker (3/5): shaders left to compile 2755
[2021.12.02-18.00.31:688][  0]LogShaderCompilers: Display: Worker (4/5): shaders left to compile 2754
[2021.12.02-18.00.32:245][  0]LogShaderCompilers: Display: Worker (4/5): shaders left to compile 2753
[2021.12.02-18.00.32:245][  0]LogShaderCompilers: Display: Worker (3/5): shaders left to compile 2752
[2021.12.02-18.00.32:245][  0]LogShaderCompilers: Display: Worker (3/5): shaders left to compile 2751
[2021.12.02-18.00.32:245][  0]LogShaderCompilers: Display: Worker (4/5): shaders left to compile 2750
[2021.12.02-18.00.32:245][  0]LogShaderCompilers: Display: Worker (3/5): shaders left to compile 2749
[2021.12.02-18.00.32:245][  0]LogShaderCompilers: Display: Worker (4/5): shaders left to compile 2748
[2021.12.02-18.00.32:245][  0]LogShaderCompilers: Display: Worker (1/5): shaders left to compile 2747
[2021.12.02-18.00.32:797][  0]LogShaderCompilers: Display: Worker (3/5): shaders left to compile 2746
[2021.12.02-18.00.32:797][  0]LogShaderCompilers: Display: Worker (1/5): shaders left to compile 2745
[2021.12.02-18.00.32:797][  0]LogShaderCompilers: Display: Worker (4/5): shaders left to compile 2744
[2021.12.02-18.00.32:797][  0]LogShaderCompilers: Display: Worker (2/5): shaders left to compile 2743
[2021.12.02-18.00.32:797][  0]LogShaderCompilers: Display: Worker (1/5): shaders left to compile 2742
[2021.12.02-18.00.32:797][  0]LogShaderCompilers: Display: Worker (3/5): shaders left to compile 2741
[2021.12.02-18.00.33:348][  0]LogShaderCompilers: Display: Worker (4/5): shaders left to compile 2740
[2021.12.02-18.00.33:348][  0]LogShaderCompilers: Display: Worker (2/5): shaders left to compile 2739
[2021.12.02-18.00.33:348][  0]LogShaderCompilers: Display: Worker (1/5): shaders left to compile 2738
[2021.12.02-18.00.33:348][  0]LogShaderCompilers: Display: Worker (3/5): shaders left to compile 2737
[2021.12.02-18.00.33:348][  0]LogShaderCompilers: Display: Worker (4/5): shaders left to compile 2736
[2021.12.02-18.00.33:348][  0]LogShaderCompilers: Display: Worker (2/5): shaders left to compile 2735
[2021.12.02-18.00.33:348][  0]LogShaderCompilers: Display: Worker (1/5): shaders left to compile 2734
[2021.12.02-18.00.33:348][  0]LogShaderCompilers: Display: Worker (3/5): shaders left to compile 2733
[2021.12.02-18.00.33:348][  0]LogShaderCompilers: Display: Worker (2/5): shaders left to compile 2732
[2021.12.02-18.00.33:348][  0]LogShaderCompilers: Display: Worker (4/5): shaders left to compile 2731
[2021.12.02-18.00.33:902][  0]LogShaderCompilers: Display: Worker (1/5): shaders left to compile 2730
[2021.12.02-18.00.33:902][  0]LogShaderCompilers: Display: Worker (3/5): shaders left to compile 2729
[2021.12.02-18.00.33:902][  0]LogShaderCompilers: Display: Worker (4/5): shaders left to compile 2728
[2021.12.02-18.00.33:902][  0]LogShaderCompilers: Display: Worker (1/5): shaders left to compile 2727
[2021.12.02-18.00.33:902][  0]LogShaderCompilers: Display: Worker (2/5): shaders left to compile 2726
[2021.12.02-18.00.33:902][  0]LogShaderCompilers: Display: Worker (3/5): shaders left to compile 2725
[2021.12.02-18.00.33:902][  0]LogShaderCompilers: Display: Worker (1/5): shaders left to compile 2724
[2021.12.02-18.00.33:902][  0]LogShaderCompilers: Display: Worker (2/5): shaders left to compile 2723
[2021.12.02-18.00.33:902][  0]LogShaderCompilers: Display: Worker (4/5): shaders left to compile 2722
[2021.12.02-18.00.34:459][  0]LogShaderCompilers: Display: Worker (3/5): shaders left to compile 2721
[2021.12.02-18.00.34:459][  0]LogShaderCompilers: Display: Worker (1/5): shaders left to compile 2720
[2021.12.02-18.00.34:459][  0]LogShaderCompilers: Display: Worker (4/5): shaders left to compile 2719
[2021.12.02-18.00.34:459][  0]LogShaderCompilers: Display: Worker (2/5): shaders left to compile 2718
[2021.12.02-18.00.34:459][  0]LogShaderCompilers: Display: Worker (1/5): shaders left to compile 2717
[2021.12.02-18.00.34:459][  0]LogShaderCompilers: Display: Worker (3/5): shaders left to compile 2716
[2021.12.02-18.00.34:459][  0]LogShaderCompilers: Display: Worker (4/5): shaders left to compile 2715
[2021.12.02-18.00.34:459][  0]LogShaderCompilers: Display: Worker (2/5): shaders left to compile 2714
[2021.12.02-18.00.34:459][  0]LogShaderCompilers: Display: Worker (1/5): shaders left to compile 2713
[2021.12.02-18.00.34:459][  0]LogShaderCompilers: Display: Worker (3/5): shaders left to compile 2712
[2021.12.02-18.00.34:459][  0]LogShaderCompilers: Display: Worker (2/5): shaders left to compile 2711
[2021.12.02-18.00.34:459][  0]LogShaderCompilers: Display: Worker (4/5): shaders left to compile 2710
[2021.12.02-18.00.35:017][  0]LogShaderCompilers: Display: Worker (1/5): shaders left to compile 2709
[2021.12.02-18.00.35:017][  0]LogShaderCompilers: Display: Worker (3/5): shaders left to compile 2708
[2021.12.02-18.00.35:017][  0]LogShaderCompilers: Display: Worker (2/5): shaders left to compile 2707
[2021.12.02-18.00.35:017][  0]LogShaderCompilers: Display: Worker (4/5): shaders left to compile 2706
[2021.12.02-18.00.35:017][  0]LogShaderCompilers: Display: Worker (1/5): shaders left to compile 2705
[2021.12.02-18.00.35:017][  0]LogShaderCompilers: Display: Worker (3/5): shaders left to compile 2704
[2021.12.02-18.00.35:017][  0]LogShaderCompilers: Display: Worker (2/5): shaders left to compile 2703
[2021.12.02-18.00.35:017][  0]LogShaderCompilers: Display: Worker (4/5): shaders left to compile 2702
[2021.12.02-18.00.35:575][  0]LogShaderCompilers: Display: Worker (4/5): shaders left to compile 2701
[2021.12.02-18.00.36:130][  0]LogShaderCompilers: Display: Worker (4/5): shaders left to compile 2700
[2021.12.02-18.00.36:130][  0]LogShaderCompilers: Display: Worker (2/5): shaders left to compile 2699
[2021.12.02-18.00.36:685][  0]LogShaderCompilers: Display: Worker (3/5): shaders left to compile 2698
[2021.12.02-18.00.37:240][  0]LogShaderCompilers: Display: Worker (1/5): shaders left to compile 2697
[2021.12.02-18.00.37:796][  0]LogShaderCompilers: Display: Worker (4/5): shaders left to compile 2696
[2021.12.02-18.00.37:796][  0]LogShaderCompilers: Display: Worker (2/5): shaders left to compile 2695
[2021.12.02-18.00.38:906][  0]LogShaderCompilers: Display: Worker (3/5): shaders left to compile 2694
[2021.12.02-18.00.38:906][  0]LogShaderCompilers: Display: Worker (1/5): shaders left to compile 2693
[2021.12.02-18.00.39:463][  0]LogShaderCompilers: Display: Worker (4/5): shaders left to compile 2692
[2021.12.02-18.00.39:463][  0]LogShaderCompilers: Display: Worker (2/5): shaders left to compile 2691
[2021.12.02-18.00.40:574][  0]LogShaderCompilers: Display: Worker (3/5): shaders left to compile 2690
[2021.12.02-18.00.40:574][  0]LogShaderCompilers: Display: Worker (1/5): shaders left to compile 2689
[2021.12.02-18.00.41:127][  0]LogShaderCompilers: Display: Worker (4/5): shaders left to compile 2688
[2021.12.02-18.00.41:681][  0]LogShaderCompilers: Display: Worker (2/5): shaders left to compile 2687
[2021.12.02-18.00.42:237][  0]LogShaderCompilers: Display: Worker (3/5): shaders left to compile 2686
[2021.12.02-18.00.42:237][  0]LogShaderCompilers: Display: Worker (1/5): shaders left to compile 2685
[2021.12.02-18.00.42:792][  0]LogShaderCompilers: Display: Worker (4/5): shaders left to compile 2684
[2021.12.02-18.00.43:348][  0]LogShaderCompilers: Display: Worker (2/5): shaders left to compile 2683
[2021.12.02-18.00.43:907][  0]LogShaderCompilers: Display: Worker (3/5): shaders left to compile 2682
[2021.12.02-18.00.43:907][  0]LogShaderCompilers: Display: Worker (1/5): shaders left to compile 2681
[2021.12.02-18.00.45:011][  0]LogShaderCompilers: Display: Worker (4/5): shaders left to compile 2680
[2021.12.02-18.00.46:119][  0]LogShaderCompilers: Display: Worker (2/5): shaders left to compile 2679
[2021.12.02-18.00.46:676][  0]LogShaderCompilers: Display: Worker (5/5): shaders left to compile 2678
[2021.12.02-18.00.47:234][  0]LogShaderCompilers: Display: Worker (3/5): shaders left to compile 2677
[2021.12.02-18.00.48:346][  0]LogShaderCompilers: Display: Worker (1/5): shaders left to compile 2676
[2021.12.02-18.00.50:012][  0]LogShaderCompilers: Display: Worker (4/5): shaders left to compile 2675
[2021.12.02-18.00.51:677][  0]LogShaderCompilers: Display: Worker (2/5): shaders left to compile 2674
[2021.12.02-18.00.53:340][  0]LogShaderCompilers: Display: Worker (5/5): shaders left to compile 2673
[2021.12.02-18.00.55:003][  0]LogShaderCompilers: Display: Worker (3/5): shaders left to compile 2672
[2021.12.02-18.00.58:389][  0]LogShaderCompilers: Display: Worker (1/5): shaders left to compile 2671
[2021.12.02-18.01.01:720][  0]LogShaderCompilers: Display: Worker (4/5): shaders left to compile 2670
[2021.12.02-18.01.07:516][  0]LogShaderCompilers: Display: Worker (2/5): shaders left to compile 2669
[2021.12.02-18.01.13:169][  0]LogShaderCompilers: Display: Worker (5/5): shaders left to compile 2668
[2021.12.02-18.01.16:507][  0]LogShaderCompilers: Display: Worker (3/5): shaders left to compile 2667
[2021.12.02-18.01.16:507][  0]LogShaderCompilers: Display: Worker (5/5): shaders left to compile 2666
[2021.12.02-18.01.19:286][  0]LogShaderCompilers: Display: Worker (5/5): shaders left to compile 2665
[2021.12.02-18.01.19:859][  0]LogShaderCompilers: Display: Worker (3/5): shaders left to compile 2664
[2021.12.02-18.01.21:528][  0]LogShaderCompilers: Display: Worker (1/5): shaders left to compile 2663
[2021.12.02-18.01.23:787][  0]LogShaderCompilers: Display: Worker (5/5): shaders left to compile 2662
[2021.12.02-18.01.23:787][  0]LogShaderCompilers: Display: Worker (3/5): shaders left to compile 2661
[2021.12.02-18.01.26:707][  0]LogShaderCompilers: Display: Worker (1/5): shaders left to compile 2660
[2021.12.02-18.01.27:825][  0]LogShaderCompilers: Display: Worker (5/5): shaders left to compile 2659
[2021.12.02-18.01.28:382][  0]LogShaderCompilers: Display: Worker (4/5): shaders left to compile 2658
[2021.12.02-18.01.30:040][  0]LogShaderCompilers: Display: Worker (3/5): shaders left to compile 2657
[2021.12.02-18.01.30:610][  0]LogShaderCompilers: Display: Worker (1/5): shaders left to compile 2656
[2021.12.02-18.01.31:742][  0]LogShaderCompilers: Display: Worker (4/5): shaders left to compile 2655
[2021.12.02-18.01.32:350][  0]LogShaderCompilers: Display: Worker (5/5): shaders left to compile 2654
[2021.12.02-18.01.32:935][  0]LogShaderCompilers: Display: Worker (3/5): shaders left to compile 2653
[2021.12.02-18.01.34:687][  0]LogShaderCompilers: Display: Worker (4/5): shaders left to compile 2652
[2021.12.02-18.01.34:687][  0]LogShaderCompilers: Display: Worker (1/5): shaders left to compile 2651
[2021.12.02-18.01.36:409][  0]LogShaderCompilers: Display: Worker (5/5): shaders left to compile 2650
[2021.12.02-18.01.37:551][  0]LogShaderCompilers: Display: Worker (3/5): shaders left to compile 2649
[2021.12.02-18.01.38:691][  0]LogShaderCompilers: Display: Worker (2/5): shaders left to compile 2648
[2021.12.02-18.01.39:248][  0]LogShaderCompilers: Display: Worker (4/5): shaders left to compile 2647
[2021.12.02-18.01.42:662][  0]LogShaderCompilers: Display: Worker (1/5): shaders left to compile 2646
[2021.12.02-18.01.46:016][  0]LogShaderCompilers: Display: Worker (5/5): shaders left to compile 2645
[2021.12.02-18.01.48:813][  0]LogShaderCompilers: Display: Worker (3/5): shaders left to compile 2644
[2021.12.02-18.01.52:144][  0]LogShaderCompilers: Display: Worker (2/5): shaders left to compile 2643
[2021.12.02-18.01.54:367][  0]LogShaderCompilers: Display: Worker (4/5): shaders left to compile 2642
[2021.12.02-18.02.01:114][  0]LogShaderCompilers: Display: Worker (1/5): shaders left to compile 2641
[2021.12.02-18.02.06:152][  0]LogShaderCompilers: Display: Worker (5/5): shaders left to compile 2640
[2021.12.02-18.02.11:165][  0]LogShaderCompilers: Display: Worker (3/5): shaders left to compile 2639
[2021.12.02-18.02.18:679][  0]LogShaderCompilers: Display: Worker (2/5): shaders left to compile 2638
[2021.12.02-18.02.23:127][  0]LogShaderCompilers: Display: Worker (4/5): shaders left to compile 2637
[2021.12.02-18.02.28:687][  0]LogShaderCompilers: Display: Worker (1/5): shaders left to compile 2636
[2021.12.02-18.02.29:793][  0]LogShaderCompilers: Display: Worker (1/5): shaders left to compile 2635
[2021.12.02-18.02.30:344][  0]LogShaderCompilers: Display: Worker (1/5): shaders left to compile 2634
[2021.12.02-18.02.31:454][  0]LogShaderCompilers: Display: Worker (1/5): shaders left to compile 2633
[2021.12.02-18.02.32:564][  0]LogShaderCompilers: Display: Worker (1/5): shaders left to compile 2632
[2021.12.02-18.02.33:121][  0]LogShaderCompilers: Display: Worker (1/5): shaders left to compile 2631
[2021.12.02-18.02.34:238][  0]LogShaderCompilers: Display: Worker (5/5): shaders left to compile 2630
[2021.12.02-18.02.34:238][  0]LogShaderCompilers: Display: Worker (1/5): shaders left to compile 2629
[2021.12.02-18.02.35:357][  0]LogShaderCompilers: Display: Worker (5/5): shaders left to compile 2628
[2021.12.02-18.02.35:357][  0]LogShaderCompilers: Display: Worker (1/5): shaders left to compile 2627
[2021.12.02-18.02.35:917][  0]LogShaderCompilers: Display: Worker (5/5): shaders left to compile 2626
[2021.12.02-18.02.35:917][  0]LogShaderCompilers: Display: Worker (5/5): shaders left to compile 2625
[2021.12.02-18.02.35:917][  0]LogShaderCompilers: Display: Worker (1/5): shaders left to compile 2624
[2021.12.02-18.02.35:917][  0]LogShaderCompilers: Display: Worker (1/5): shaders left to compile 2623
[2021.12.02-18.02.35:917][  0]LogShaderCompilers: Display: Worker (5/5): shaders left to compile 2622
[2021.12.02-18.02.36:479][  0]LogShaderCompilers: Display: Worker (1/5): shaders left to compile 2621
[2021.12.02-18.02.36:479][  0]LogShaderCompilers: Display: Worker (5/5): shaders left to compile 2620
[2021.12.02-18.02.36:479][  0]LogShaderCompilers: Display: Worker (1/5): shaders left to compile 2619
[2021.12.02-18.02.36:479][  0]LogShaderCompilers: Display: Worker (5/5): shaders left to compile 2618
[2021.12.02-18.02.36:479][  0]LogShaderCompilers: Display: Worker (1/5): shaders left to compile 2617
[2021.12.02-18.02.37:038][  0]LogShaderCompilers: Display: Worker (5/5): shaders left to compile 2616
[2021.12.02-18.02.37:038][  0]LogShaderCompilers: Display: Worker (1/5): shaders left to compile 2615
[2021.12.02-18.02.37:038][  0]LogShaderCompilers: Display: Worker (5/5): shaders left to compile 2614
[2021.12.02-18.02.41:497][  0]LogShaderCompilers: Display: Worker (3/5): shaders left to compile 2613
[2021.12.02-18.02.42:053][  0]LogShaderCompilers: Display: Worker (3/5): shaders left to compile 2612
[2021.12.02-18.02.42:053][  0]LogShaderCompilers: Display: Worker (3/5): shaders left to compile 2611
[2021.12.02-18.02.42:612][  0]LogShaderCompilers: Display: Worker (3/5): shaders left to compile 2610
[2021.12.02-18.02.43:726][  0]LogShaderCompilers: Display: Worker (3/5): shaders left to compile 2609
[2021.12.02-18.02.45:401][  0]LogShaderCompilers: Display: Worker (3/5): shaders left to compile 2608
[2021.12.02-18.02.48:176][  0]LogShaderCompilers: Display: Worker (3/5): shaders left to compile 2607
[2021.12.02-18.02.48:176][  0]LogShaderCompilers: Display: Worker (2/5): shaders left to compile 2606
[2021.12.02-18.02.49:288][  0]LogShaderCompilers: Display: Worker (2/5): shaders left to compile 2605
[2021.12.02-18.02.49:844][  0]LogShaderCompilers: Display: Worker (2/5): shaders left to compile 2604
[2021.12.02-18.02.50:403][  0]LogShaderCompilers: Display: Worker (2/5): shaders left to compile 2603
[2021.12.02-18.02.50:403][  0]LogShaderCompilers: Display: Worker (3/5): shaders left to compile 2602
[2021.12.02-18.02.51:518][  0]LogShaderCompilers: Display: Worker (3/5): shaders left to compile 2601
[2021.12.02-18.02.51:518][  0]LogShaderCompilers: Display: Worker (2/5): shaders left to compile 2600
[2021.12.02-18.02.52:071][  0]LogShaderCompilers: Display: Worker (3/5): shaders left to compile 2599
[2021.12.02-18.02.52:071][  0]LogShaderCompilers: Display: Worker (2/5): shaders left to compile 2598
[2021.12.02-18.02.52:622][  0]LogShaderCompilers: Display: Worker (3/5): shaders left to compile 2597
[2021.12.02-18.02.52:622][  0]LogShaderCompilers: Display: Worker (2/5): shaders left to compile 2596
[2021.12.02-18.02.53:178][  0]LogShaderCompilers: Display: Worker (3/5): shaders left to compile 2595
[2021.12.02-18.02.53:178][  0]LogShaderCompilers: Display: Worker (2/5): shaders left to compile 2594
[2021.12.02-18.02.53:732][  0]LogShaderCompilers: Display: Worker (2/5): shaders left to compile 2593
[2021.12.02-18.02.54:284][  0]LogShaderCompilers: Display: Worker (3/5): shaders left to compile 2592
[2021.12.02-18.02.54:839][  0]LogShaderCompilers: Display: Worker (2/5): shaders left to compile 2591
[2021.12.02-18.02.54:839][  0]LogShaderCompilers: Display: Worker (4/5): shaders left to compile 2590
[2021.12.02-18.02.54:839][  0]LogShaderCompilers: Display: Worker (3/5): shaders left to compile 2589
[2021.12.02-18.02.55:395][  0]LogShaderCompilers: Display: Worker (2/5): shaders left to compile 2588
[2021.12.02-18.02.55:395][  0]LogShaderCompilers: Display: Worker (3/5): shaders left to compile 2587
[2021.12.02-18.02.55:395][  0]LogShaderCompilers: Display: Worker (4/5): shaders left to compile 2586
[2021.12.02-18.02.55:395][  0]LogShaderCompilers: Display: Worker (2/5): shaders left to compile 2585
[2021.12.02-18.02.55:952][  0]LogShaderCompilers: Display: Worker (3/5): shaders left to compile 2584
[2021.12.02-18.02.55:952][  0]LogShaderCompilers: Display: Worker (2/5): shaders left to compile 2583
[2021.12.02-18.02.55:952][  0]LogShaderCompilers: Display: Worker (4/5): shaders left to compile 2582
[2021.12.02-18.02.55:952][  0]LogShaderCompilers: Display: Worker (4/5): shaders left to compile 2581
[2021.12.02-18.02.56:511][  0]LogShaderCompilers: Display: Worker (3/5): shaders left to compile 2580
[2021.12.02-18.02.56:511][  0]LogShaderCompilers: Display: Worker (2/5): shaders left to compile 2579
[2021.12.02-18.02.56:511][  0]LogShaderCompilers: Display: Worker (4/5): shaders left to compile 2578
[2021.12.02-18.02.57:068][  0]LogShaderCompilers: Display: Worker (3/5): shaders left to compile 2577
[2021.12.02-18.02.57:068][  0]LogShaderCompilers: Display: Worker (2/5): shaders left to compile 2576
[2021.12.02-18.02.57:068][  0]LogShaderCompilers: Display: Worker (3/5): shaders left to compile 2575
[2021.12.02-18.02.57:626][  0]LogShaderCompilers: Display: Worker (4/5): shaders left to compile 2574
[2021.12.02-18.02.57:626][  0]LogShaderCompilers: Display: Worker (2/5): shaders left to compile 2573
[2021.12.02-18.02.58:183][  0]LogShaderCompilers: Display: Worker (3/5): shaders left to compile 2572
[2021.12.02-18.02.58:183][  0]LogShaderCompilers: Display: Worker (4/5): shaders left to compile 2571
[2021.12.02-18.02.58:183][  0]LogShaderCompilers: Display: Worker (4/5): shaders left to compile 2570
[2021.12.02-18.02.58:742][  0]LogShaderCompilers: Display: Worker (2/5): shaders left to compile 2569
[2021.12.02-18.02.58:742][  0]LogShaderCompilers: Display: Worker (4/5): shaders left to compile 2568
[2021.12.02-18.02.58:742][  0]LogShaderCompilers: Display: Worker (3/5): shaders left to compile 2567
[2021.12.02-18.02.59:301][  0]LogShaderCompilers: Display: Worker (2/5): shaders left to compile 2566
[2021.12.02-18.02.59:301][  0]LogShaderCompilers: Display: Worker (4/5): shaders left to compile 2565
[2021.12.02-18.02.59:858][  0]LogShaderCompilers: Display: Worker (3/5): shaders left to compile 2564
[2021.12.02-18.02.59:858][  0]LogShaderCompilers: Display: Worker (4/5): shaders left to compile 2563
[2021.12.02-18.02.59:858][  0]LogShaderCompilers: Display: Worker (3/5): shaders left to compile 2562
[2021.12.02-18.02.59:858][  0]LogShaderCompilers: Display: Worker (2/5): shaders left to compile 2561
[2021.12.02-18.03.00:417][  0]LogShaderCompilers: Display: Worker (4/5): shaders left to compile 2560
[2021.12.02-18.03.00:974][  0]LogShaderCompilers: Display: Worker (3/5): shaders left to compile 2559
[2021.12.02-18.03.00:974][  0]LogShaderCompilers: Display: Worker (2/5): shaders left to compile 2558
[2021.12.02-18.03.01:531][  0]LogShaderCompilers: Display: Worker (3/5): shaders left to compile 2557
[2021.12.02-18.03.01:531][  0]LogShaderCompilers: Display: Worker (3/5): shaders left to compile 2556
[2021.12.02-18.03.01:531][  0]LogShaderCompilers: Display: Worker (4/5): shaders left to compile 2555
[2021.12.02-18.03.01:531][  0]LogShaderCompilers: Display: Worker (2/5): shaders left to compile 2554
[2021.12.02-18.03.02:089][  0]LogShaderCompilers: Display: Worker (3/5): shaders left to compile 2553
[2021.12.02-18.03.02:089][  0]LogShaderCompilers: Display: Worker (2/5): shaders left to compile 2552
[2021.12.02-18.03.02:089][  0]LogShaderCompilers: Display: Worker (4/5): shaders left to compile 2551
[2021.12.02-18.03.02:089][  0]LogShaderCompilers: Display: Worker (3/5): shaders left to compile 2550
[2021.12.02-18.03.02:648][  0]LogShaderCompilers: Display: Worker (2/5): shaders left to compile 2549
[2021.12.02-18.03.02:648][  0]LogShaderCompilers: Display: Worker (4/5): shaders left to compile 2548
[2021.12.02-18.03.02:648][  0]LogShaderCompilers: Display: Worker (3/5): shaders left to compile 2547
[2021.12.02-18.03.03:201][  0]LogShaderCompilers: Display: Worker (2/5): shaders left to compile 2546
[2021.12.02-18.03.03:201][  0]LogShaderCompilers: Display: Worker (4/5): shaders left to compile 2545
[2021.12.02-18.03.03:201][  0]LogShaderCompilers: Display: Worker (3/5): shaders left to compile 2544
[2021.12.02-18.03.03:753][  0]LogShaderCompilers: Display: Worker (2/5): shaders left to compile 2543
[2021.12.02-18.03.03:753][  0]LogShaderCompilers: Display: Worker (4/5): shaders left to compile 2542
[2021.12.02-18.03.04:303][  0]LogShaderCompilers: Display: Worker (3/5): shaders left to compile 2541
[2021.12.02-18.03.04:303][  0]LogShaderCompilers: Display: Worker (2/5): shaders left to compile 2540
[2021.12.02-18.03.05:407][  0]LogShaderCompilers: Display: Worker (4/5): shaders left to compile 2539
[2021.12.02-18.03.05:963][  0]LogShaderCompilers: Display: Worker (3/5): shaders left to compile 2538
[2021.12.02-18.03.05:963][  0]LogShaderCompilers: Display: Worker (2/5): shaders left to compile 2537
[2021.12.02-18.03.06:520][  0]LogShaderCompilers: Display: Worker (3/5): shaders left to compile 2536
[2021.12.02-18.03.06:520][  0]LogShaderCompilers: Display: Worker (2/5): shaders left to compile 2535
[2021.12.02-18.03.07:077][  0]LogShaderCompilers: Display: Worker (4/5): shaders left to compile 2534
[2021.12.02-18.03.07:077][  0]LogShaderCompilers: Display: Worker (2/5): shaders left to compile 2533
[2021.12.02-18.03.07:077][  0]LogShaderCompilers: Display: Worker (3/5): shaders left to compile 2532
[2021.12.02-18.03.07:637][  0]LogShaderCompilers: Display: Worker (4/5): shaders left to compile 2531
[2021.12.02-18.03.07:637][  0]LogShaderCompilers: Display: Worker (3/5): shaders left to compile 2530
[2021.12.02-18.03.07:637][  0]LogShaderCompilers: Display: Worker (2/5): shaders left to compile 2529
[2021.12.02-18.03.08:193][  0]LogShaderCompilers: Display: Worker (3/5): shaders left to compile 2528
[2021.12.02-18.03.08:193][  0]LogShaderCompilers: Display: Worker (4/5): shaders left to compile 2527
[2021.12.02-18.03.08:193][  0]LogShaderCompilers: Display: Worker (2/5): shaders left to compile 2526
[2021.12.02-18.03.08:193][  0]LogShaderCompilers: Display: Worker (4/5): shaders left to compile 2525
[2021.12.02-18.03.08:193][  0]LogShaderCompilers: Display: Worker (2/5): shaders left to compile 2524
[2021.12.02-18.03.08:193][  0]LogShaderCompilers: Display: Worker (3/5): shaders left to compile 2523
[2021.12.02-18.03.08:749][  0]LogShaderCompilers: Display: Worker (4/5): shaders left to compile 2522
[2021.12.02-18.03.08:749][  0]LogShaderCompilers: Display: Worker (2/5): shaders left to compile 2521
[2021.12.02-18.03.08:749][  0]LogShaderCompilers: Display: Worker (3/5): shaders left to compile 2520
[2021.12.02-18.03.08:749][  0]LogShaderCompilers: Display: Worker (4/5): shaders left to compile 2519
[2021.12.02-18.03.08:749][  0]LogShaderCompilers: Display: Worker (2/5): shaders left to compile 2518
[2021.12.02-18.03.08:749][  0]LogShaderCompilers: Display: Worker (3/5): shaders left to compile 2517
[2021.12.02-18.03.09:304][  0]LogShaderCompilers: Display: Worker (4/5): shaders left to compile 2516
[2021.12.02-18.03.09:862][  0]LogShaderCompilers: Display: Worker (2/5): shaders left to compile 2515
[2021.12.02-18.03.09:862][  0]LogShaderCompilers: Display: Worker (3/5): shaders left to compile 2514
[2021.12.02-18.03.09:862][  0]LogShaderCompilers: Display: Worker (4/5): shaders left to compile 2513
[2021.12.02-18.03.09:862][  0]LogShaderCompilers: Display: Worker (2/5): shaders left to compile 2512
[2021.12.02-18.03.09:862][  0]LogShaderCompilers: Display: Worker (3/5): shaders left to compile 2511
[2021.12.02-18.03.10:419][  0]LogShaderCompilers: Display: Worker (4/5): shaders left to compile 2510
[2021.12.02-18.03.10:419][  0]LogShaderCompilers: Display: Worker (3/5): shaders left to compile 2509
[2021.12.02-18.03.10:981][  0]LogShaderCompilers: Display: Worker (2/5): shaders left to compile 2508
[2021.12.02-18.03.10:981][  0]LogShaderCompilers: Display: Worker (4/5): shaders left to compile 2507
[2021.12.02-18.03.10:981][  0]LogShaderCompilers: Display: Worker (3/5): shaders left to compile 2506
[2021.12.02-18.03.11:535][  0]LogShaderCompilers: Display: Worker (2/5): shaders left to compile 2505
[2021.12.02-18.03.11:535][  0]LogShaderCompilers: Display: Worker (4/5): shaders left to compile 2504
[2021.12.02-18.03.11:535][  0]LogShaderCompilers: Display: Worker (3/5): shaders left to compile 2503
[2021.12.02-18.03.12:101][  0]LogShaderCompilers: Display: Worker (2/5): shaders left to compile 2502
[2021.12.02-18.03.12:101][  0]LogShaderCompilers: Display: Worker (4/5): shaders left to compile 2501
[2021.12.02-18.03.12:658][  0]LogShaderCompilers: Display: Worker (3/5): shaders left to compile 2500
[2021.12.02-18.03.12:658][  0]LogShaderCompilers: Display: Worker (4/5): shaders left to compile 2499
[2021.12.02-18.03.13:222][  0]LogShaderCompilers: Display: Worker (2/5): shaders left to compile 2498
[2021.12.02-18.03.13:222][  0]LogShaderCompilers: Display: Worker (3/5): shaders left to compile 2497
[2021.12.02-18.03.13:222][  0]LogShaderCompilers: Display: Worker (4/5): shaders left to compile 2496
[2021.12.02-18.03.13:795][  0]LogShaderCompilers: Display: Worker (2/5): shaders left to compile 2495
[2021.12.02-18.03.13:795][  0]LogShaderCompilers: Display: Worker (4/5): shaders left to compile 2494
[2021.12.02-18.03.13:795][  0]LogShaderCompilers: Display: Worker (3/5): shaders left to compile 2493
[2021.12.02-18.03.14:359][  0]LogShaderCompilers: Display: Worker (2/5): shaders left to compile 2492
[2021.12.02-18.03.14:359][  0]LogShaderCompilers: Display: Worker (4/5): shaders left to compile 2491
[2021.12.02-18.03.14:359][  0]LogShaderCompilers: Display: Worker (3/5): shaders left to compile 2490
[2021.12.02-18.03.14:359][  0]LogShaderCompilers: Display: Worker (2/5): shaders left to compile 2489
[2021.12.02-18.03.14:359][  0]LogShaderCompilers: Display: Worker (4/5): shaders left to compile 2488
[2021.12.02-18.03.14:924][  0]LogShaderCompilers: Display: Worker (3/5): shaders left to compile 2487
[2021.12.02-18.03.14:924][  0]LogShaderCompilers: Display: Worker (2/5): shaders left to compile 2486
[2021.12.02-18.03.14:924][  0]LogShaderCompilers: Display: Worker (3/5): shaders left to compile 2485
[2021.12.02-18.03.14:924][  0]LogShaderCompilers: Display: Worker (4/5): shaders left to compile 2484
[2021.12.02-18.03.14:924][  0]LogShaderCompilers: Display: Worker (2/5): shaders left to compile 2483
[2021.12.02-18.03.14:924][  0]LogShaderCompilers: Display: Worker (3/5): shaders left to compile 2482
[2021.12.02-18.03.15:479][  0]LogShaderCompilers: Display: Worker (2/5): shaders left to compile 2481
[2021.12.02-18.03.15:479][  0]LogShaderCompilers: Display: Worker (3/5): shaders left to compile 2480
[2021.12.02-18.03.16:038][  0]LogShaderCompilers: Display: Worker (4/5): shaders left to compile 2479
[2021.12.02-18.03.16:592][  0]LogShaderCompilers: Display: Worker (2/5): shaders left to compile 2478
[2021.12.02-18.03.16:592][  0]LogShaderCompilers: Display: Worker (3/5): shaders left to compile 2477
[2021.12.02-18.03.16:592][  0]LogShaderCompilers: Display: Worker (3/5): shaders left to compile 2476
[2021.12.02-18.03.17:144][  0]LogShaderCompilers: Display: Worker (4/5): shaders left to compile 2475
[2021.12.02-18.03.17:144][  0]LogShaderCompilers: Display: Worker (3/5): shaders left to compile 2474
[2021.12.02-18.03.17:699][  0]LogShaderCompilers: Display: Worker (4/5): shaders left to compile 2473
[2021.12.02-18.03.17:699][  0]LogShaderCompilers: Display: Worker (2/5): shaders left to compile 2472
[2021.12.02-18.03.18:256][  0]LogShaderCompilers: Display: Worker (4/5): shaders left to compile 2471
[2021.12.02-18.03.18:256][  0]LogShaderCompilers: Display: Worker (3/5): shaders left to compile 2470
[2021.12.02-18.03.18:814][  0]LogShaderCompilers: Display: Worker (2/5): shaders left to compile 2469
[2021.12.02-18.03.19:365][  0]LogShaderCompilers: Display: Worker (4/5): shaders left to compile 2468
[2021.12.02-18.03.19:365][  0]LogShaderCompilers: Display: Worker (3/5): shaders left to compile 2467
[2021.12.02-18.03.19:925][  0]LogShaderCompilers: Display: Worker (2/5): shaders left to compile 2466
[2021.12.02-18.03.19:925][  0]LogShaderCompilers: Display: Worker (4/5): shaders left to compile 2465
[2021.12.02-18.03.19:925][  0]LogShaderCompilers: Display: Worker (3/5): shaders left to compile 2464
[2021.12.02-18.03.20:482][  0]LogShaderCompilers: Display: Worker (3/5): shaders left to compile 2463
[2021.12.02-18.03.21:035][  0]LogShaderCompilers: Display: Worker (2/5): shaders left to compile 2462
[2021.12.02-18.03.21:035][  0]LogShaderCompilers: Display: Worker (3/5): shaders left to compile 2461
[2021.12.02-18.03.21:035][  0]LogShaderCompilers: Display: Worker (4/5): shaders left to compile 2460
[2021.12.02-18.03.21:591][  0]LogShaderCompilers: Display: Worker (2/5): shaders left to compile 2459
[2021.12.02-18.03.22:144][  0]LogShaderCompilers: Display: Worker (3/5): shaders left to compile 2458
[2021.12.02-18.03.22:144][  0]LogShaderCompilers: Display: Worker (4/5): shaders left to compile 2457
[2021.12.02-18.03.31:683][  0]LogShaderCompilers: Display: Worker (1/5): shaders left to compile 2456
[2021.12.02-18.03.35:039][  0]LogShaderCompilers: Display: Worker (2/5): shaders left to compile 2455
[2021.12.02-18.03.38:388][  0]LogShaderCompilers: Display: Worker (3/5): shaders left to compile 2454
[2021.12.02-18.03.43:510][  0]LogShaderCompilers: Display: Worker (1/5): shaders left to compile 2453
[2021.12.02-18.03.44:636][  0]LogShaderCompilers: Display: Worker (4/5): shaders left to compile 2452
[2021.12.02-18.03.44:636][  0]LogShaderCompilers: Display: Worker (2/5): shaders left to compile 2451
[2021.12.02-18.03.49:101][  0]LogShaderCompilers: Display: Worker (1/5): shaders left to compile 2450
[2021.12.02-18.03.51:336][  0]LogShaderCompilers: Display: Worker (3/5): shaders left to compile 2449
